The system is: Linux - 4.15.0-76-generic - x86_64
Compiling the C compiler identification source file "CMakeCCompilerId.c" succeeded.
Compiler: /usr/bin/cc 
Build flags: 
Id flags:  

The output was:
0


Compilation of the C compiler identification source "CMakeCCompilerId.c" produced "a.out"

The C compiler identification is GNU, found in "/home/u132300/dpcpp-tutorial/matrix-multi/build/CMakeFiles/3.10.2/CompilerIdC/a.out"

Compiling the CXX compiler identification source file "CMakeCXXCompilerId.cpp" succeeded.
Compiler: /glob/development-tools/versions/oneapi/2022.1.2/oneapi/compiler/2022.0.2/linux/bin/dpcpp 
Build flags: 
Id flags:  

The output was:
0


Compilation of the CXX compiler identification source "CMakeCXXCompilerId.cpp" produced "a.out"

The CXX compiler identification is Clang, found in "/home/u132300/dpcpp-tutorial/matrix-multi/build/CMakeFiles/3.10.2/CompilerIdCXX/a.out"

Determining if the C compiler works passed with the following output:
Change Dir: /home/u132300/dpcpp-tutorial/matrix-multi/build/CMakeFiles/CMakeTmp

Run Build Command:"/usr/bin/make" "cmTC_96f8e/fast"
/usr/bin/make -f CMakeFiles/cmTC_96f8e.dir/build.make CMakeFiles/cmTC_96f8e.dir/build
make[1]: Entering directory '/home/u132300/dpcpp-tutorial/matrix-multi/build/CMakeFiles/CMakeTmp'
Building C object CMakeFiles/cmTC_96f8e.dir/testCCompiler.c.o
/usr/bin/cc    -o CMakeFiles/cmTC_96f8e.dir/testCCompiler.c.o   -c /home/u132300/dpcpp-tutorial/matrix-multi/build/CMakeFiles/CMakeTmp/testCCompiler.c
Linking C executable cmTC_96f8e
/usr/bin/cmake -E cmake_link_script CMakeFiles/cmTC_96f8e.dir/link.txt --verbose=1
/usr/bin/cc      -rdynamic CMakeFiles/cmTC_96f8e.dir/testCCompiler.c.o  -o cmTC_96f8e 
make[1]: Leaving directory '/home/u132300/dpcpp-tutorial/matrix-multi/build/CMakeFiles/CMakeTmp'


Detecting C compiler ABI info compiled with the following output:
Change Dir: /home/u132300/dpcpp-tutorial/matrix-multi/build/CMakeFiles/CMakeTmp

Run Build Command:"/usr/bin/make" "cmTC_a6499/fast"
/usr/bin/make -f CMakeFiles/cmTC_a6499.dir/build.make CMakeFiles/cmTC_a6499.dir/build
make[1]: Entering directory '/home/u132300/dpcpp-tutorial/matrix-multi/build/CMakeFiles/CMakeTmp'
Building C object CMakeFiles/cmTC_a6499.dir/CMakeCCompilerABI.c.o
/usr/bin/cc    -o CMakeFiles/cmTC_a6499.dir/CMakeCCompilerABI.c.o   -c /usr/share/cmake-3.10/Modules/CMakeCCompilerABI.c
Linking C executable cmTC_a6499
/usr/bin/cmake -E cmake_link_script CMakeFiles/cmTC_a6499.dir/link.txt --verbose=1
/usr/bin/cc     -v -rdynamic CMakeFiles/cmTC_a6499.dir/CMakeCCompilerABI.c.o  -o cmTC_a6499 
Using built-in specs.
COLLECT_GCC=/usr/bin/cc
COLLECT_LTO_WRAPPER=/usr/lib/gcc/x86_64-linux-gnu/7/lto-wrapper
OFFLOAD_TARGET_NAMES=nvptx-none
OFFLOAD_TARGET_DEFAULT=1
Target: x86_64-linux-gnu
Configured with: ../src/configure -v --with-pkgversion='Ubuntu 7.4.0-1ubuntu1~18.04.1' --with-bugurl=file:///usr/share/doc/gcc-7/README.Bugs --enable-languages=c,ada,c++,go,brig,d,fortran,objc,obj-c++ --prefix=/usr --with-gcc-major-version-only --program-suffix=-7 --program-prefix=x86_64-linux-gnu- --enable-shared --enable-linker-build-id --libexecdir=/usr/lib --without-included-gettext --enable-threads=posix --libdir=/usr/lib --enable-nls --with-sysroot=/ --enable-clocale=gnu --enable-libstdcxx-debug --enable-libstdcxx-time=yes --with-default-libstdcxx-abi=new --enable-gnu-unique-object --disable-vtable-verify --enable-libmpx --enable-plugin --enable-default-pie --with-system-zlib --with-target-system-zlib --enable-objc-gc=auto --enable-multiarch --disable-werror --with-arch-32=i686 --with-abi=m64 --with-multilib-list=m32,m64,mx32 --enable-multilib --with-tune=generic --enable-offload-targets=nvptx-none --without-cuda-driver --enable-checking=release --build=x86_64-linux-gnu --host=x86_64-linux-gnu --target=x86_64-linux-gnu
Thread model: posix
gcc version 7.4.0 (Ubuntu 7.4.0-1ubuntu1~18.04.1) 
COMPILER_PATH=/usr/lib/gcc/x86_64-linux-gnu/7/:/usr/lib/gcc/x86_64-linux-gnu/7/:/usr/lib/gcc/x86_64-linux-gnu/:/usr/lib/gcc/x86_64-linux-gnu/7/:/usr/lib/gcc/x86_64-linux-gnu/
LIBRARY_PATH=/glob/development-tools/versions/oneapi/2022.1.2/oneapi/vpl/2022.0.0/lib/../lib/:/glob/development-tools/versions/oneapi/2022.1.2/oneapi/mpi/2021.5.1//libfabric/lib/../lib/:/glob/development-tools/versions/oneapi/2022.1.2/oneapi/mpi/2021.5.1//lib/../lib/:/glob/development-tools/versions/oneapi/2022.1.2/oneapi/dnnl/2022.0.2/cpu_dpcpp_gpu_dpcpp/lib/../lib/:/glob/development-tools/versions/oneapi/2022.1.2/oneapi/compiler/2022.0.2/linux/lib/../lib/:/usr/lib/gcc/x86_64-linux-gnu/7/:/usr/lib/gcc/x86_64-linux-gnu/7/../../../x86_64-linux-gnu/:/usr/lib/gcc/x86_64-linux-gnu/7/../../../../lib/:/lib/x86_64-linux-gnu/:/lib/../lib/:/usr/lib/x86_64-linux-gnu/:/usr/lib/../lib/:/glob/development-tools/versions/oneapi/2022.1.2/oneapi/vpl/2022.0.0/lib/:/glob/development-tools/versions/oneapi/2022.1.2/oneapi/tbb/2021.5.1/env/../lib/intel64/gcc4.8/:/glob/development-tools/versions/oneapi/2022.1.2/oneapi/mpi/2021.5.1//libfabric/lib/:/glob/development-tools/versions/oneapi/2022.1.2/oneapi/mpi/2021.5.1//lib/release/:/glob/development-tools/versions/oneapi/2022.1.2/oneapi/mpi/2021.5.1//lib/:/glob/development-tools/versions/oneapi/2022.1.2/oneapi/mkl/2022.0.2/lib/intel64/:/glob/development-tools/versions/oneapi/2022.1.2/oneapi/ipp/2021.5.2/lib/intel64/:/glob/development-tools/versions/oneapi/2022.1.2/oneapi/ippcp/2021.5.1/lib/intel64/:/glob/development-tools/versions/oneapi/2022.1.2/oneapi/ipp/2021.5.2/lib/intel64/:/glob/development-tools/versions/oneapi/2022.1.2/oneapi/dnnl/2022.0.2/cpu_dpcpp_gpu_dpcpp/lib/:/glob/development-tools/versions/oneapi/2022.1.2/oneapi/dal/2021.5.3/lib/intel64/:/glob/development-tools/versions/oneapi/2022.1.2/oneapi/compiler/2022.0.2/linux/compiler/lib/intel64_lin/:/glob/development-tools/versions/oneapi/2022.1.2/oneapi/compiler/2022.0.2/linux/lib/:/glob/development-tools/versions/oneapi/2022.1.2/oneapi/clck/2021.5.0/lib/intel64/:/glob/development-tools/versions/oneapi/2022.1.2/oneapi/ccl/2021.5.1/lib/cpu_gpu_dpcpp/:/usr/lib/gcc/x86_64-linux-gnu/7/../../../:/lib/:/usr/lib/
COLLECT_GCC_OPTIONS='-v' '-rdynamic' '-o' 'cmTC_a6499' '-mtune=generic' '-march=x86-64'
 /usr/lib/gcc/x86_64-linux-gnu/7/collect2 -plugin /usr/lib/gcc/x86_64-linux-gnu/7/liblto_plugin.so -plugin-opt=/usr/lib/gcc/x86_64-linux-gnu/7/lto-wrapper -plugin-opt=-fresolution=/home/u132300/tmp/ccpRVDCZ.res -plugin-opt=-pass-through=-lgcc -plugin-opt=-pass-through=-lgcc_s -plugin-opt=-pass-through=-lc -plugin-opt=-pass-through=-lgcc -plugin-opt=-pass-through=-lgcc_s --sysroot=/ --build-id --eh-frame-hdr -m elf_x86_64 --hash-style=gnu --as-needed -export-dynamic -dynamic-linker /lib64/ld-linux-x86-64.so.2 -pie -z now -z relro -o cmTC_a6499 /usr/lib/gcc/x86_64-linux-gnu/7/../../../x86_64-linux-gnu/Scrt1.o /usr/lib/gcc/x86_64-linux-gnu/7/../../../x86_64-linux-gnu/crti.o /usr/lib/gcc/x86_64-linux-gnu/7/crtbeginS.o -L/glob/development-tools/versions/oneapi/2022.1.2/oneapi/vpl/2022.0.0/lib/../lib -L/glob/development-tools/versions/oneapi/2022.1.2/oneapi/mpi/2021.5.1//libfabric/lib/../lib -L/glob/development-tools/versions/oneapi/2022.1.2/oneapi/mpi/2021.5.1//lib/../lib -L/glob/development-tools/versions/oneapi/2022.1.2/oneapi/dnnl/2022.0.2/cpu_dpcpp_gpu_dpcpp/lib/../lib -L/glob/development-tools/versions/oneapi/2022.1.2/oneapi/compiler/2022.0.2/linux/lib/../lib -L/usr/lib/gcc/x86_64-linux-gnu/7 -L/usr/lib/gcc/x86_64-linux-gnu/7/../../../x86_64-linux-gnu -L/usr/lib/gcc/x86_64-linux-gnu/7/../../../../lib -L/lib/x86_64-linux-gnu -L/lib/../lib -L/usr/lib/x86_64-linux-gnu -L/usr/lib/../lib -L/glob/development-tools/versions/oneapi/2022.1.2/oneapi/vpl/2022.0.0/lib -L/glob/development-tools/versions/oneapi/2022.1.2/oneapi/tbb/2021.5.1/env/../lib/intel64/gcc4.8 -L/glob/development-tools/versions/oneapi/2022.1.2/oneapi/mpi/2021.5.1//libfabric/lib -L/glob/development-tools/versions/oneapi/2022.1.2/oneapi/mpi/2021.5.1//lib/release -L/glob/development-tools/versions/oneapi/2022.1.2/oneapi/mpi/2021.5.1//lib -L/glob/development-tools/versions/oneapi/2022.1.2/oneapi/mkl/2022.0.2/lib/intel64 -L/glob/development-tools/versions/oneapi/2022.1.2/oneapi/ipp/2021.5.2/lib/intel64 -L/glob/development-tools/versions/oneapi/2022.1.2/oneapi/ippcp/2021.5.1/lib/intel64 -L/glob/development-tools/versions/oneapi/2022.1.2/oneapi/ipp/2021.5.2/lib/intel64 -L/glob/development-tools/versions/oneapi/2022.1.2/oneapi/dnnl/2022.0.2/cpu_dpcpp_gpu_dpcpp/lib -L/glob/development-tools/versions/oneapi/2022.1.2/oneapi/dal/2021.5.3/lib/intel64 -L/glob/development-tools/versions/oneapi/2022.1.2/oneapi/compiler/2022.0.2/linux/compiler/lib/intel64_lin -L/glob/development-tools/versions/oneapi/2022.1.2/oneapi/compiler/2022.0.2/linux/lib -L/glob/development-tools/versions/oneapi/2022.1.2/oneapi/clck/2021.5.0/lib/intel64 -L/glob/development-tools/versions/oneapi/2022.1.2/oneapi/ccl/2021.5.1/lib/cpu_gpu_dpcpp -L/usr/lib/gcc/x86_64-linux-gnu/7/../../.. CMakeFiles/cmTC_a6499.dir/CMakeCCompilerABI.c.o -lgcc --push-state --as-needed -lgcc_s --pop-state -lc -lgcc --push-state --as-needed -lgcc_s --pop-state /usr/lib/gcc/x86_64-linux-gnu/7/crtendS.o /usr/lib/gcc/x86_64-linux-gnu/7/../../../x86_64-linux-gnu/crtn.o
COLLECT_GCC_OPTIONS='-v' '-rdynamic' '-o' 'cmTC_a6499' '-mtune=generic' '-march=x86-64'
make[1]: Leaving directory '/home/u132300/dpcpp-tutorial/matrix-multi/build/CMakeFiles/CMakeTmp'


Parsed C implicit link information from above output:
  link line regex: [^( *|.*[/\])(ld|CMAKE_LINK_STARTFILE-NOTFOUND|([^/\]+-)?ld|collect2)[^/\]*( |$)]
  ignore line: [Change Dir: /home/u132300/dpcpp-tutorial/matrix-multi/build/CMakeFiles/CMakeTmp]
  ignore line: []
  ignore line: [Run Build Command:"/usr/bin/make" "cmTC_a6499/fast"]
  ignore line: [/usr/bin/make -f CMakeFiles/cmTC_a6499.dir/build.make CMakeFiles/cmTC_a6499.dir/build]
  ignore line: [make[1]: Entering directory '/home/u132300/dpcpp-tutorial/matrix-multi/build/CMakeFiles/CMakeTmp']
  ignore line: [Building C object CMakeFiles/cmTC_a6499.dir/CMakeCCompilerABI.c.o]
  ignore line: [/usr/bin/cc    -o CMakeFiles/cmTC_a6499.dir/CMakeCCompilerABI.c.o   -c /usr/share/cmake-3.10/Modules/CMakeCCompilerABI.c]
  ignore line: [Linking C executable cmTC_a6499]
  ignore line: [/usr/bin/cmake -E cmake_link_script CMakeFiles/cmTC_a6499.dir/link.txt --verbose=1]
  ignore line: [/usr/bin/cc     -v -rdynamic CMakeFiles/cmTC_a6499.dir/CMakeCCompilerABI.c.o  -o cmTC_a6499 ]
  ignore line: [Using built-in specs.]
  ignore line: [COLLECT_GCC=/usr/bin/cc]
  ignore line: [COLLECT_LTO_WRAPPER=/usr/lib/gcc/x86_64-linux-gnu/7/lto-wrapper]
  ignore line: [OFFLOAD_TARGET_NAMES=nvptx-none]
  ignore line: [OFFLOAD_TARGET_DEFAULT=1]
  ignore line: [Target: x86_64-linux-gnu]
  ignore line: [Configured with: ../src/configure -v --with-pkgversion='Ubuntu 7.4.0-1ubuntu1~18.04.1' --with-bugurl=file:///usr/share/doc/gcc-7/README.Bugs --enable-languages=c,ada,c++,go,brig,d,fortran,objc,obj-c++ --prefix=/usr --with-gcc-major-version-only --program-suffix=-7 --program-prefix=x86_64-linux-gnu- --enable-shared --enable-linker-build-id --libexecdir=/usr/lib --without-included-gettext --enable-threads=posix --libdir=/usr/lib --enable-nls --with-sysroot=/ --enable-clocale=gnu --enable-libstdcxx-debug --enable-libstdcxx-time=yes --with-default-libstdcxx-abi=new --enable-gnu-unique-object --disable-vtable-verify --enable-libmpx --enable-plugin --enable-default-pie --with-system-zlib --with-target-system-zlib --enable-objc-gc=auto --enable-multiarch --disable-werror --with-arch-32=i686 --with-abi=m64 --with-multilib-list=m32,m64,mx32 --enable-multilib --with-tune=generic --enable-offload-targets=nvptx-none --without-cuda-driver --enable-checking=release --build=x86_64-linux-gnu --host=x86_64-linux-gnu --target=x86_64-linux-gnu]
  ignore line: [Thread model: posix]
  ignore line: [gcc version 7.4.0 (Ubuntu 7.4.0-1ubuntu1~18.04.1) ]
  ignore line: [COMPILER_PATH=/usr/lib/gcc/x86_64-linux-gnu/7/:/usr/lib/gcc/x86_64-linux-gnu/7/:/usr/lib/gcc/x86_64-linux-gnu/:/usr/lib/gcc/x86_64-linux-gnu/7/:/usr/lib/gcc/x86_64-linux-gnu/]
  ignore line: [LIBRARY_PATH=/glob/development-tools/versions/oneapi/2022.1.2/oneapi/vpl/2022.0.0/lib/../lib/:/glob/development-tools/versions/oneapi/2022.1.2/oneapi/mpi/2021.5.1//libfabric/lib/../lib/:/glob/development-tools/versions/oneapi/2022.1.2/oneapi/mpi/2021.5.1//lib/../lib/:/glob/development-tools/versions/oneapi/2022.1.2/oneapi/dnnl/2022.0.2/cpu_dpcpp_gpu_dpcpp/lib/../lib/:/glob/development-tools/versions/oneapi/2022.1.2/oneapi/compiler/2022.0.2/linux/lib/../lib/:/usr/lib/gcc/x86_64-linux-gnu/7/:/usr/lib/gcc/x86_64-linux-gnu/7/../../../x86_64-linux-gnu/:/usr/lib/gcc/x86_64-linux-gnu/7/../../../../lib/:/lib/x86_64-linux-gnu/:/lib/../lib/:/usr/lib/x86_64-linux-gnu/:/usr/lib/../lib/:/glob/development-tools/versions/oneapi/2022.1.2/oneapi/vpl/2022.0.0/lib/:/glob/development-tools/versions/oneapi/2022.1.2/oneapi/tbb/2021.5.1/env/../lib/intel64/gcc4.8/:/glob/development-tools/versions/oneapi/2022.1.2/oneapi/mpi/2021.5.1//libfabric/lib/:/glob/development-tools/versions/oneapi/2022.1.2/oneapi/mpi/2021.5.1//lib/release/:/glob/development-tools/versions/oneapi/2022.1.2/oneapi/mpi/2021.5.1//lib/:/glob/development-tools/versions/oneapi/2022.1.2/oneapi/mkl/2022.0.2/lib/intel64/:/glob/development-tools/versions/oneapi/2022.1.2/oneapi/ipp/2021.5.2/lib/intel64/:/glob/development-tools/versions/oneapi/2022.1.2/oneapi/ippcp/2021.5.1/lib/intel64/:/glob/development-tools/versions/oneapi/2022.1.2/oneapi/ipp/2021.5.2/lib/intel64/:/glob/development-tools/versions/oneapi/2022.1.2/oneapi/dnnl/2022.0.2/cpu_dpcpp_gpu_dpcpp/lib/:/glob/development-tools/versions/oneapi/2022.1.2/oneapi/dal/2021.5.3/lib/intel64/:/glob/development-tools/versions/oneapi/2022.1.2/oneapi/compiler/2022.0.2/linux/compiler/lib/intel64_lin/:/glob/development-tools/versions/oneapi/2022.1.2/oneapi/compiler/2022.0.2/linux/lib/:/glob/development-tools/versions/oneapi/2022.1.2/oneapi/clck/2021.5.0/lib/intel64/:/glob/development-tools/versions/oneapi/2022.1.2/oneapi/ccl/2021.5.1/lib/cpu_gpu_dpcpp/:/usr/lib/gcc/x86_64-linux-gnu/7/../../../:/lib/:/usr/lib/]
  ignore line: [COLLECT_GCC_OPTIONS='-v' '-rdynamic' '-o' 'cmTC_a6499' '-mtune=generic' '-march=x86-64']
  link line: [ /usr/lib/gcc/x86_64-linux-gnu/7/collect2 -plugin /usr/lib/gcc/x86_64-linux-gnu/7/liblto_plugin.so -plugin-opt=/usr/lib/gcc/x86_64-linux-gnu/7/lto-wrapper -plugin-opt=-fresolution=/home/u132300/tmp/ccpRVDCZ.res -plugin-opt=-pass-through=-lgcc -plugin-opt=-pass-through=-lgcc_s -plugin-opt=-pass-through=-lc -plugin-opt=-pass-through=-lgcc -plugin-opt=-pass-through=-lgcc_s --sysroot=/ --build-id --eh-frame-hdr -m elf_x86_64 --hash-style=gnu --as-needed -export-dynamic -dynamic-linker /lib64/ld-linux-x86-64.so.2 -pie -z now -z relro -o cmTC_a6499 /usr/lib/gcc/x86_64-linux-gnu/7/../../../x86_64-linux-gnu/Scrt1.o /usr/lib/gcc/x86_64-linux-gnu/7/../../../x86_64-linux-gnu/crti.o /usr/lib/gcc/x86_64-linux-gnu/7/crtbeginS.o -L/glob/development-tools/versions/oneapi/2022.1.2/oneapi/vpl/2022.0.0/lib/../lib -L/glob/development-tools/versions/oneapi/2022.1.2/oneapi/mpi/2021.5.1//libfabric/lib/../lib -L/glob/development-tools/versions/oneapi/2022.1.2/oneapi/mpi/2021.5.1//lib/../lib -L/glob/development-tools/versions/oneapi/2022.1.2/oneapi/dnnl/2022.0.2/cpu_dpcpp_gpu_dpcpp/lib/../lib -L/glob/development-tools/versions/oneapi/2022.1.2/oneapi/compiler/2022.0.2/linux/lib/../lib -L/usr/lib/gcc/x86_64-linux-gnu/7 -L/usr/lib/gcc/x86_64-linux-gnu/7/../../../x86_64-linux-gnu -L/usr/lib/gcc/x86_64-linux-gnu/7/../../../../lib -L/lib/x86_64-linux-gnu -L/lib/../lib -L/usr/lib/x86_64-linux-gnu -L/usr/lib/../lib -L/glob/development-tools/versions/oneapi/2022.1.2/oneapi/vpl/2022.0.0/lib -L/glob/development-tools/versions/oneapi/2022.1.2/oneapi/tbb/2021.5.1/env/../lib/intel64/gcc4.8 -L/glob/development-tools/versions/oneapi/2022.1.2/oneapi/mpi/2021.5.1//libfabric/lib -L/glob/development-tools/versions/oneapi/2022.1.2/oneapi/mpi/2021.5.1//lib/release -L/glob/development-tools/versions/oneapi/2022.1.2/oneapi/mpi/2021.5.1//lib -L/glob/development-tools/versions/oneapi/2022.1.2/oneapi/mkl/2022.0.2/lib/intel64 -L/glob/development-tools/versions/oneapi/2022.1.2/oneapi/ipp/2021.5.2/lib/intel64 -L/glob/development-tools/versions/oneapi/2022.1.2/oneapi/ippcp/2021.5.1/lib/intel64 -L/glob/development-tools/versions/oneapi/2022.1.2/oneapi/ipp/2021.5.2/lib/intel64 -L/glob/development-tools/versions/oneapi/2022.1.2/oneapi/dnnl/2022.0.2/cpu_dpcpp_gpu_dpcpp/lib -L/glob/development-tools/versions/oneapi/2022.1.2/oneapi/dal/2021.5.3/lib/intel64 -L/glob/development-tools/versions/oneapi/2022.1.2/oneapi/compiler/2022.0.2/linux/compiler/lib/intel64_lin -L/glob/development-tools/versions/oneapi/2022.1.2/oneapi/compiler/2022.0.2/linux/lib -L/glob/development-tools/versions/oneapi/2022.1.2/oneapi/clck/2021.5.0/lib/intel64 -L/glob/development-tools/versions/oneapi/2022.1.2/oneapi/ccl/2021.5.1/lib/cpu_gpu_dpcpp -L/usr/lib/gcc/x86_64-linux-gnu/7/../../.. CMakeFiles/cmTC_a6499.dir/CMakeCCompilerABI.c.o -lgcc --push-state --as-needed -lgcc_s --pop-state -lc -lgcc --push-state --as-needed -lgcc_s --pop-state /usr/lib/gcc/x86_64-linux-gnu/7/crtendS.o /usr/lib/gcc/x86_64-linux-gnu/7/../../../x86_64-linux-gnu/crtn.o]
    arg [/usr/lib/gcc/x86_64-linux-gnu/7/collect2] ==> ignore
    arg [-plugin] ==> ignore
    arg [/usr/lib/gcc/x86_64-linux-gnu/7/liblto_plugin.so] ==> ignore
    arg [-plugin-opt=/usr/lib/gcc/x86_64-linux-gnu/7/lto-wrapper] ==> ignore
    arg [-plugin-opt=-fresolution=/home/u132300/tmp/ccpRVDCZ.res] ==> ignore
    arg [-plugin-opt=-pass-through=-lgcc] ==> ignore
    arg [-plugin-opt=-pass-through=-lgcc_s] ==> ignore
    arg [-plugin-opt=-pass-through=-lc] ==> ignore
    arg [-plugin-opt=-pass-through=-lgcc] ==> ignore
    arg [-plugin-opt=-pass-through=-lgcc_s] ==> ignore
    arg [--sysroot=/] ==> ignore
    arg [--build-id] ==> ignore
    arg [--eh-frame-hdr] ==> ignore
    arg [-m] ==> ignore
    arg [elf_x86_64] ==> ignore
    arg [--hash-style=gnu] ==> ignore
    arg [--as-needed] ==> ignore
    arg [-export-dynamic] ==> ignore
    arg [-dynamic-linker] ==> ignore
    arg [/lib64/ld-linux-x86-64.so.2] ==> ignore
    arg [-pie] ==> ignore
    arg [-znow] ==> ignore
    arg [-zrelro] ==> ignore
    arg [-o] ==> ignore
    arg [cmTC_a6499] ==> ignore
    arg [/usr/lib/gcc/x86_64-linux-gnu/7/../../../x86_64-linux-gnu/Scrt1.o] ==> ignore
    arg [/usr/lib/gcc/x86_64-linux-gnu/7/../../../x86_64-linux-gnu/crti.o] ==> ignore
    arg [/usr/lib/gcc/x86_64-linux-gnu/7/crtbeginS.o] ==> ignore
    arg [-L/glob/development-tools/versions/oneapi/2022.1.2/oneapi/vpl/2022.0.0/lib/../lib] ==> dir [/glob/development-tools/versions/oneapi/2022.1.2/oneapi/vpl/2022.0.0/lib/../lib]
    arg [-L/glob/development-tools/versions/oneapi/2022.1.2/oneapi/mpi/2021.5.1//libfabric/lib/../lib] ==> dir [/glob/development-tools/versions/oneapi/2022.1.2/oneapi/mpi/2021.5.1//libfabric/lib/../lib]
    arg [-L/glob/development-tools/versions/oneapi/2022.1.2/oneapi/mpi/2021.5.1//lib/../lib] ==> dir [/glob/development-tools/versions/oneapi/2022.1.2/oneapi/mpi/2021.5.1//lib/../lib]
    arg [-L/glob/development-tools/versions/oneapi/2022.1.2/oneapi/dnnl/2022.0.2/cpu_dpcpp_gpu_dpcpp/lib/../lib] ==> dir [/glob/development-tools/versions/oneapi/2022.1.2/oneapi/dnnl/2022.0.2/cpu_dpcpp_gpu_dpcpp/lib/../lib]
    arg [-L/glob/development-tools/versions/oneapi/2022.1.2/oneapi/compiler/2022.0.2/linux/lib/../lib] ==> dir [/glob/development-tools/versions/oneapi/2022.1.2/oneapi/compiler/2022.0.2/linux/lib/../lib]
    arg [-L/usr/lib/gcc/x86_64-linux-gnu/7] ==> dir [/usr/lib/gcc/x86_64-linux-gnu/7]
    arg [-L/usr/lib/gcc/x86_64-linux-gnu/7/../../../x86_64-linux-gnu] ==> dir [/usr/lib/gcc/x86_64-linux-gnu/7/../../../x86_64-linux-gnu]
    arg [-L/usr/lib/gcc/x86_64-linux-gnu/7/../../../../lib] ==> dir [/usr/lib/gcc/x86_64-linux-gnu/7/../../../../lib]
    arg [-L/lib/x86_64-linux-gnu] ==> dir [/lib/x86_64-linux-gnu]
    arg [-L/lib/../lib] ==> dir [/lib/../lib]
    arg [-L/usr/lib/x86_64-linux-gnu] ==> dir [/usr/lib/x86_64-linux-gnu]
    arg [-L/usr/lib/../lib] ==> dir [/usr/lib/../lib]
    arg [-L/glob/development-tools/versions/oneapi/2022.1.2/oneapi/vpl/2022.0.0/lib] ==> dir [/glob/development-tools/versions/oneapi/2022.1.2/oneapi/vpl/2022.0.0/lib]
    arg [-L/glob/development-tools/versions/oneapi/2022.1.2/oneapi/tbb/2021.5.1/env/../lib/intel64/gcc4.8] ==> dir [/glob/development-tools/versions/oneapi/2022.1.2/oneapi/tbb/2021.5.1/env/../lib/intel64/gcc4.8]
    arg [-L/glob/development-tools/versions/oneapi/2022.1.2/oneapi/mpi/2021.5.1//libfabric/lib] ==> dir [/glob/development-tools/versions/oneapi/2022.1.2/oneapi/mpi/2021.5.1//libfabric/lib]
    arg [-L/glob/development-tools/versions/oneapi/2022.1.2/oneapi/mpi/2021.5.1//lib/release] ==> dir [/glob/development-tools/versions/oneapi/2022.1.2/oneapi/mpi/2021.5.1//lib/release]
    arg [-L/glob/development-tools/versions/oneapi/2022.1.2/oneapi/mpi/2021.5.1//lib] ==> dir [/glob/development-tools/versions/oneapi/2022.1.2/oneapi/mpi/2021.5.1//lib]
    arg [-L/glob/development-tools/versions/oneapi/2022.1.2/oneapi/mkl/2022.0.2/lib/intel64] ==> dir [/glob/development-tools/versions/oneapi/2022.1.2/oneapi/mkl/2022.0.2/lib/intel64]
    arg [-L/glob/development-tools/versions/oneapi/2022.1.2/oneapi/ipp/2021.5.2/lib/intel64] ==> dir [/glob/development-tools/versions/oneapi/2022.1.2/oneapi/ipp/2021.5.2/lib/intel64]
    arg [-L/glob/development-tools/versions/oneapi/2022.1.2/oneapi/ippcp/2021.5.1/lib/intel64] ==> dir [/glob/development-tools/versions/oneapi/2022.1.2/oneapi/ippcp/2021.5.1/lib/intel64]
    arg [-L/glob/development-tools/versions/oneapi/2022.1.2/oneapi/ipp/2021.5.2/lib/intel64] ==> dir [/glob/development-tools/versions/oneapi/2022.1.2/oneapi/ipp/2021.5.2/lib/intel64]
    arg [-L/glob/development-tools/versions/oneapi/2022.1.2/oneapi/dnnl/2022.0.2/cpu_dpcpp_gpu_dpcpp/lib] ==> dir [/glob/development-tools/versions/oneapi/2022.1.2/oneapi/dnnl/2022.0.2/cpu_dpcpp_gpu_dpcpp/lib]
    arg [-L/glob/development-tools/versions/oneapi/2022.1.2/oneapi/dal/2021.5.3/lib/intel64] ==> dir [/glob/development-tools/versions/oneapi/2022.1.2/oneapi/dal/2021.5.3/lib/intel64]
    arg [-L/glob/development-tools/versions/oneapi/2022.1.2/oneapi/compiler/2022.0.2/linux/compiler/lib/intel64_lin] ==> dir [/glob/development-tools/versions/oneapi/2022.1.2/oneapi/compiler/2022.0.2/linux/compiler/lib/intel64_lin]
    arg [-L/glob/development-tools/versions/oneapi/2022.1.2/oneapi/compiler/2022.0.2/linux/lib] ==> dir [/glob/development-tools/versions/oneapi/2022.1.2/oneapi/compiler/2022.0.2/linux/lib]
    arg [-L/glob/development-tools/versions/oneapi/2022.1.2/oneapi/clck/2021.5.0/lib/intel64] ==> dir [/glob/development-tools/versions/oneapi/2022.1.2/oneapi/clck/2021.5.0/lib/intel64]
    arg [-L/glob/development-tools/versions/oneapi/2022.1.2/oneapi/ccl/2021.5.1/lib/cpu_gpu_dpcpp] ==> dir [/glob/development-tools/versions/oneapi/2022.1.2/oneapi/ccl/2021.5.1/lib/cpu_gpu_dpcpp]
    arg [-L/usr/lib/gcc/x86_64-linux-gnu/7/../../..] ==> dir [/usr/lib/gcc/x86_64-linux-gnu/7/../../..]
    arg [CMakeFiles/cmTC_a6499.dir/CMakeCCompilerABI.c.o] ==> ignore
    arg [-lgcc] ==> lib [gcc]
    arg [--push-state] ==> ignore
    arg [--as-needed] ==> ignore
    arg [-lgcc_s] ==> lib [gcc_s]
    arg [--pop-state] ==> ignore
    arg [-lc] ==> lib [c]
    arg [-lgcc] ==> lib [gcc]
    arg [--push-state] ==> ignore
    arg [--as-needed] ==> ignore
    arg [-lgcc_s] ==> lib [gcc_s]
    arg [--pop-state] ==> ignore
    arg [/usr/lib/gcc/x86_64-linux-gnu/7/crtendS.o] ==> ignore
    arg [/usr/lib/gcc/x86_64-linux-gnu/7/../../../x86_64-linux-gnu/crtn.o] ==> ignore
  collapse library dir [/glob/development-tools/versions/oneapi/2022.1.2/oneapi/vpl/2022.0.0/lib/../lib] ==> [/glob/development-tools/versions/oneapi/2022.1.2/oneapi/vpl/2022.0.0/lib]
  collapse library dir [/glob/development-tools/versions/oneapi/2022.1.2/oneapi/mpi/2021.5.1//libfabric/lib/../lib] ==> [/glob/development-tools/versions/oneapi/2022.1.2/oneapi/mpi/2021.5.1/libfabric/lib]
  collapse library dir [/glob/development-tools/versions/oneapi/2022.1.2/oneapi/mpi/2021.5.1//lib/../lib] ==> [/glob/development-tools/versions/oneapi/2022.1.2/oneapi/mpi/2021.5.1/lib]
  collapse library dir [/glob/development-tools/versions/oneapi/2022.1.2/oneapi/dnnl/2022.0.2/cpu_dpcpp_gpu_dpcpp/lib/../lib] ==> [/glob/development-tools/versions/oneapi/2022.1.2/oneapi/dnnl/2022.0.2/cpu_dpcpp_gpu_dpcpp/lib]
  collapse library dir [/glob/development-tools/versions/oneapi/2022.1.2/oneapi/compiler/2022.0.2/linux/lib/../lib] ==> [/glob/development-tools/versions/oneapi/2022.1.2/oneapi/compiler/2022.0.2/linux/lib]
  collapse library dir [/usr/lib/gcc/x86_64-linux-gnu/7] ==> [/usr/lib/gcc/x86_64-linux-gnu/7]
  collapse library dir [/usr/lib/gcc/x86_64-linux-gnu/7/../../../x86_64-linux-gnu] ==> [/usr/lib/x86_64-linux-gnu]
  collapse library dir [/usr/lib/gcc/x86_64-linux-gnu/7/../../../../lib] ==> [/usr/lib]
  collapse library dir [/lib/x86_64-linux-gnu] ==> [/lib/x86_64-linux-gnu]
  collapse library dir [/lib/../lib] ==> [/lib]
  collapse library dir [/usr/lib/x86_64-linux-gnu] ==> [/usr/lib/x86_64-linux-gnu]
  collapse library dir [/usr/lib/../lib] ==> [/usr/lib]
  collapse library dir [/glob/development-tools/versions/oneapi/2022.1.2/oneapi/vpl/2022.0.0/lib] ==> [/glob/development-tools/versions/oneapi/2022.1.2/oneapi/vpl/2022.0.0/lib]
  collapse library dir [/glob/development-tools/versions/oneapi/2022.1.2/oneapi/tbb/2021.5.1/env/../lib/intel64/gcc4.8] ==> [/glob/development-tools/versions/oneapi/2022.1.2/oneapi/tbb/2021.5.1/lib/intel64/gcc4.8]
  collapse library dir [/glob/development-tools/versions/oneapi/2022.1.2/oneapi/mpi/2021.5.1//libfabric/lib] ==> [/glob/development-tools/versions/oneapi/2022.1.2/oneapi/mpi/2021.5.1/libfabric/lib]
  collapse library dir [/glob/development-tools/versions/oneapi/2022.1.2/oneapi/mpi/2021.5.1//lib/release] ==> [/glob/development-tools/versions/oneapi/2022.1.2/oneapi/mpi/2021.5.1/lib/release]
  collapse library dir [/glob/development-tools/versions/oneapi/2022.1.2/oneapi/mpi/2021.5.1//lib] ==> [/glob/development-tools/versions/oneapi/2022.1.2/oneapi/mpi/2021.5.1/lib]
  collapse library dir [/glob/development-tools/versions/oneapi/2022.1.2/oneapi/mkl/2022.0.2/lib/intel64] ==> [/glob/development-tools/versions/oneapi/2022.1.2/oneapi/mkl/2022.0.2/lib/intel64]
  collapse library dir [/glob/development-tools/versions/oneapi/2022.1.2/oneapi/ipp/2021.5.2/lib/intel64] ==> [/glob/development-tools/versions/oneapi/2022.1.2/oneapi/ipp/2021.5.2/lib/intel64]
  collapse library dir [/glob/development-tools/versions/oneapi/2022.1.2/oneapi/ippcp/2021.5.1/lib/intel64] ==> [/glob/development-tools/versions/oneapi/2022.1.2/oneapi/ippcp/2021.5.1/lib/intel64]
  collapse library dir [/glob/development-tools/versions/oneapi/2022.1.2/oneapi/ipp/2021.5.2/lib/intel64] ==> [/glob/development-tools/versions/oneapi/2022.1.2/oneapi/ipp/2021.5.2/lib/intel64]
  collapse library dir [/glob/development-tools/versions/oneapi/2022.1.2/oneapi/dnnl/2022.0.2/cpu_dpcpp_gpu_dpcpp/lib] ==> [/glob/development-tools/versions/oneapi/2022.1.2/oneapi/dnnl/2022.0.2/cpu_dpcpp_gpu_dpcpp/lib]
  collapse library dir [/glob/development-tools/versions/oneapi/2022.1.2/oneapi/dal/2021.5.3/lib/intel64] ==> [/glob/development-tools/versions/oneapi/2022.1.2/oneapi/dal/2021.5.3/lib/intel64]
  collapse library dir [/glob/development-tools/versions/oneapi/2022.1.2/oneapi/compiler/2022.0.2/linux/compiler/lib/intel64_lin] ==> [/glob/development-tools/versions/oneapi/2022.1.2/oneapi/compiler/2022.0.2/linux/compiler/lib/intel64_lin]
  collapse library dir [/glob/development-tools/versions/oneapi/2022.1.2/oneapi/compiler/2022.0.2/linux/lib] ==> [/glob/development-tools/versions/oneapi/2022.1.2/oneapi/compiler/2022.0.2/linux/lib]
  collapse library dir [/glob/development-tools/versions/oneapi/2022.1.2/oneapi/clck/2021.5.0/lib/intel64] ==> [/glob/development-tools/versions/oneapi/2022.1.2/oneapi/clck/2021.5.0/lib/intel64]
  collapse library dir [/glob/development-tools/versions/oneapi/2022.1.2/oneapi/ccl/2021.5.1/lib/cpu_gpu_dpcpp] ==> [/glob/development-tools/versions/oneapi/2022.1.2/oneapi/ccl/2021.5.1/lib/cpu_gpu_dpcpp]
  collapse library dir [/usr/lib/gcc/x86_64-linux-gnu/7/../../..] ==> [/usr/lib]
  implicit libs: [gcc;gcc_s;c;gcc;gcc_s]
  implicit dirs: [/glob/development-tools/versions/oneapi/2022.1.2/oneapi/vpl/2022.0.0/lib;/glob/development-tools/versions/oneapi/2022.1.2/oneapi/mpi/2021.5.1/libfabric/lib;/glob/development-tools/versions/oneapi/2022.1.2/oneapi/mpi/2021.5.1/lib;/glob/development-tools/versions/oneapi/2022.1.2/oneapi/dnnl/2022.0.2/cpu_dpcpp_gpu_dpcpp/lib;/glob/development-tools/versions/oneapi/2022.1.2/oneapi/compiler/2022.0.2/linux/lib;/usr/lib/gcc/x86_64-linux-gnu/7;/usr/lib/x86_64-linux-gnu;/usr/lib;/lib/x86_64-linux-gnu;/lib;/glob/development-tools/versions/oneapi/2022.1.2/oneapi/tbb/2021.5.1/lib/intel64/gcc4.8;/glob/development-tools/versions/oneapi/2022.1.2/oneapi/mpi/2021.5.1/lib/release;/glob/development-tools/versions/oneapi/2022.1.2/oneapi/mkl/2022.0.2/lib/intel64;/glob/development-tools/versions/oneapi/2022.1.2/oneapi/ipp/2021.5.2/lib/intel64;/glob/development-tools/versions/oneapi/2022.1.2/oneapi/ippcp/2021.5.1/lib/intel64;/glob/development-tools/versions/oneapi/2022.1.2/oneapi/dal/2021.5.3/lib/intel64;/glob/development-tools/versions/oneapi/2022.1.2/oneapi/compiler/2022.0.2/linux/compiler/lib/intel64_lin;/glob/development-tools/versions/oneapi/2022.1.2/oneapi/clck/2021.5.0/lib/intel64;/glob/development-tools/versions/oneapi/2022.1.2/oneapi/ccl/2021.5.1/lib/cpu_gpu_dpcpp]
  implicit fwks: []




Detecting C [-std=c11] compiler features compiled with the following output:
Change Dir: /home/u132300/dpcpp-tutorial/matrix-multi/build/CMakeFiles/CMakeTmp

Run Build Command:"/usr/bin/make" "cmTC_1d955/fast"
/usr/bin/make -f CMakeFiles/cmTC_1d955.dir/build.make CMakeFiles/cmTC_1d955.dir/build
make[1]: Entering directory '/home/u132300/dpcpp-tutorial/matrix-multi/build/CMakeFiles/CMakeTmp'
Building C object CMakeFiles/cmTC_1d955.dir/feature_tests.c.o
/usr/bin/cc   -std=c11 -o CMakeFiles/cmTC_1d955.dir/feature_tests.c.o   -c /home/u132300/dpcpp-tutorial/matrix-multi/build/CMakeFiles/feature_tests.c
Linking C executable cmTC_1d955
/usr/bin/cmake -E cmake_link_script CMakeFiles/cmTC_1d955.dir/link.txt --verbose=1
/usr/bin/cc      -rdynamic CMakeFiles/cmTC_1d955.dir/feature_tests.c.o  -o cmTC_1d955 
make[1]: Leaving directory '/home/u132300/dpcpp-tutorial/matrix-multi/build/CMakeFiles/CMakeTmp'


    Feature record: C_FEATURE:1c_function_prototypes
    Feature record: C_FEATURE:1c_restrict
    Feature record: C_FEATURE:1c_static_assert
    Feature record: C_FEATURE:1c_variadic_macros


Detecting C [-std=c99] compiler features compiled with the following output:
Change Dir: /home/u132300/dpcpp-tutorial/matrix-multi/build/CMakeFiles/CMakeTmp

Run Build Command:"/usr/bin/make" "cmTC_b699e/fast"
/usr/bin/make -f CMakeFiles/cmTC_b699e.dir/build.make CMakeFiles/cmTC_b699e.dir/build
make[1]: Entering directory '/home/u132300/dpcpp-tutorial/matrix-multi/build/CMakeFiles/CMakeTmp'
Building C object CMakeFiles/cmTC_b699e.dir/feature_tests.c.o
/usr/bin/cc   -std=c99 -o CMakeFiles/cmTC_b699e.dir/feature_tests.c.o   -c /home/u132300/dpcpp-tutorial/matrix-multi/build/CMakeFiles/feature_tests.c
Linking C executable cmTC_b699e
/usr/bin/cmake -E cmake_link_script CMakeFiles/cmTC_b699e.dir/link.txt --verbose=1
/usr/bin/cc      -rdynamic CMakeFiles/cmTC_b699e.dir/feature_tests.c.o  -o cmTC_b699e 
make[1]: Leaving directory '/home/u132300/dpcpp-tutorial/matrix-multi/build/CMakeFiles/CMakeTmp'


    Feature record: C_FEATURE:1c_function_prototypes
    Feature record: C_FEATURE:1c_restrict
    Feature record: C_FEATURE:0c_static_assert
    Feature record: C_FEATURE:1c_variadic_macros


Detecting C [-std=c90] compiler features compiled with the following output:
Change Dir: /home/u132300/dpcpp-tutorial/matrix-multi/build/CMakeFiles/CMakeTmp

Run Build Command:"/usr/bin/make" "cmTC_2a278/fast"
/usr/bin/make -f CMakeFiles/cmTC_2a278.dir/build.make CMakeFiles/cmTC_2a278.dir/build
make[1]: Entering directory '/home/u132300/dpcpp-tutorial/matrix-multi/build/CMakeFiles/CMakeTmp'
Building C object CMakeFiles/cmTC_2a278.dir/feature_tests.c.o
/usr/bin/cc   -std=c90 -o CMakeFiles/cmTC_2a278.dir/feature_tests.c.o   -c /home/u132300/dpcpp-tutorial/matrix-multi/build/CMakeFiles/feature_tests.c
Linking C executable cmTC_2a278
/usr/bin/cmake -E cmake_link_script CMakeFiles/cmTC_2a278.dir/link.txt --verbose=1
/usr/bin/cc      -rdynamic CMakeFiles/cmTC_2a278.dir/feature_tests.c.o  -o cmTC_2a278 
make[1]: Leaving directory '/home/u132300/dpcpp-tutorial/matrix-multi/build/CMakeFiles/CMakeTmp'


    Feature record: C_FEATURE:1c_function_prototypes
    Feature record: C_FEATURE:0c_restrict
    Feature record: C_FEATURE:0c_static_assert
    Feature record: C_FEATURE:0c_variadic_macros
Determining if the CXX compiler works passed with the following output:
Change Dir: /home/u132300/dpcpp-tutorial/matrix-multi/build/CMakeFiles/CMakeTmp

Run Build Command:"/usr/bin/make" "cmTC_407d9/fast"
/usr/bin/make -f CMakeFiles/cmTC_407d9.dir/build.make CMakeFiles/cmTC_407d9.dir/build
make[1]: Entering directory '/home/u132300/dpcpp-tutorial/matrix-multi/build/CMakeFiles/CMakeTmp'
Building CXX object CMakeFiles/cmTC_407d9.dir/testCXXCompiler.cxx.o
/glob/development-tools/versions/oneapi/2022.1.2/oneapi/compiler/2022.0.2/linux/bin/dpcpp     -o CMakeFiles/cmTC_407d9.dir/testCXXCompiler.cxx.o -c /home/u132300/dpcpp-tutorial/matrix-multi/build/CMakeFiles/CMakeTmp/testCXXCompiler.cxx
Linking CXX executable cmTC_407d9
/usr/bin/cmake -E cmake_link_script CMakeFiles/cmTC_407d9.dir/link.txt --verbose=1
/glob/development-tools/versions/oneapi/2022.1.2/oneapi/compiler/2022.0.2/linux/bin/dpcpp       -rdynamic CMakeFiles/cmTC_407d9.dir/testCXXCompiler.cxx.o  -o cmTC_407d9 
make[1]: Leaving directory '/home/u132300/dpcpp-tutorial/matrix-multi/build/CMakeFiles/CMakeTmp'


Detecting CXX compiler ABI info compiled with the following output:
Change Dir: /home/u132300/dpcpp-tutorial/matrix-multi/build/CMakeFiles/CMakeTmp

Run Build Command:"/usr/bin/make" "cmTC_d5d62/fast"
/usr/bin/make -f CMakeFiles/cmTC_d5d62.dir/build.make CMakeFiles/cmTC_d5d62.dir/build
make[1]: Entering directory '/home/u132300/dpcpp-tutorial/matrix-multi/build/CMakeFiles/CMakeTmp'
Building CXX object CMakeFiles/cmTC_d5d62.dir/CMakeCXXCompilerABI.cpp.o
/glob/development-tools/versions/oneapi/2022.1.2/oneapi/compiler/2022.0.2/linux/bin/dpcpp     -o CMakeFiles/cmTC_d5d62.dir/CMakeCXXCompilerABI.cpp.o -c /usr/share/cmake-3.10/Modules/CMakeCXXCompilerABI.cpp
Linking CXX executable cmTC_d5d62
/usr/bin/cmake -E cmake_link_script CMakeFiles/cmTC_d5d62.dir/link.txt --verbose=1
/glob/development-tools/versions/oneapi/2022.1.2/oneapi/compiler/2022.0.2/linux/bin/dpcpp      -v -rdynamic CMakeFiles/cmTC_d5d62.dir/CMakeCXXCompilerABI.cpp.o  -o cmTC_d5d62 
Intel(R) oneAPI DPC++/C++ Compiler 2022.0.0 (2022.0.0.20211123)
Target: x86_64-unknown-linux-gnu
Thread model: posix
InstalledDir: /glob/development-tools/versions/oneapi/2022.1.2/oneapi/compiler/2022.0.2/linux/bin-llvm
Found candidate GCC installation: /usr/lib/gcc/x86_64-linux-gnu/7
Found candidate GCC installation: /usr/lib/gcc/x86_64-linux-gnu/7.4.0
Found candidate GCC installation: /usr/lib/gcc/x86_64-linux-gnu/8
Selected GCC installation: /usr/lib/gcc/x86_64-linux-gnu/7.4.0
Candidate multilib: .;@m64
Selected multilib: .;@m64
 "/glob/development-tools/versions/oneapi/2022.1.2/oneapi/compiler/2022.0.2/linux/bin-llvm/clang-offload-bundler" -type=o -targets=host-x86_64-unknown-linux-gnu,sycl-spir64-unknown-unknown -inputs=CMakeFiles/cmTC_d5d62.dir/CMakeCXXCompilerABI.cpp.o -outputs=/home/u132300/tmp/CMakeCXXCompilerABI-e3f8fe.o,/home/u132300/tmp/CMakeCXXCompilerABI-be0d33.o -unbundle -allow-missing-bundles
 "/glob/development-tools/versions/oneapi/2022.1.2/oneapi/compiler/2022.0.2/linux/bin-llvm/llvm-link" /home/u132300/tmp/CMakeCXXCompilerABI-be0d33.o -o /home/u132300/tmp/CMakeCXXCompilerABI-69eb40.bc --suppress-warnings
 "/glob/development-tools/versions/oneapi/2022.1.2/oneapi/compiler/2022.0.2/linux/bin-llvm/clang-offload-bundler" -type=o -targets=sycl-spir64-unknown-unknown -inputs=/glob/development-tools/versions/oneapi/2022.1.2/oneapi/compiler/2022.0.2/linux/bin-llvm/../lib/libsycl-crt.o -outputs=/home/u132300/tmp/libsycl-crt-ab51c2.o -unbundle -allow-missing-bundles
 "/glob/development-tools/versions/oneapi/2022.1.2/oneapi/compiler/2022.0.2/linux/bin-llvm/clang-offload-bundler" -type=o -targets=sycl-spir64-unknown-unknown -inputs=/glob/development-tools/versions/oneapi/2022.1.2/oneapi/compiler/2022.0.2/linux/bin-llvm/../lib/libsycl-complex.o -outputs=/home/u132300/tmp/libsycl-complex-f96568.o -unbundle -allow-missing-bundles
 "/glob/development-tools/versions/oneapi/2022.1.2/oneapi/compiler/2022.0.2/linux/bin-llvm/clang-offload-bundler" -type=o -targets=sycl-spir64-unknown-unknown -inputs=/glob/development-tools/versions/oneapi/2022.1.2/oneapi/compiler/2022.0.2/linux/bin-llvm/../lib/libsycl-complex-fp64.o -outputs=/home/u132300/tmp/libsycl-complex-fp64-d4ccdb.o -unbundle -allow-missing-bundles
 "/glob/development-tools/versions/oneapi/2022.1.2/oneapi/compiler/2022.0.2/linux/bin-llvm/clang-offload-bundler" -type=o -targets=sycl-spir64-unknown-unknown -inputs=/glob/development-tools/versions/oneapi/2022.1.2/oneapi/compiler/2022.0.2/linux/bin-llvm/../lib/libsycl-cmath.o -outputs=/home/u132300/tmp/libsycl-cmath-b89b5c.o -unbundle -allow-missing-bundles
 "/glob/development-tools/versions/oneapi/2022.1.2/oneapi/compiler/2022.0.2/linux/bin-llvm/clang-offload-bundler" -type=o -targets=sycl-spir64-unknown-unknown -inputs=/glob/development-tools/versions/oneapi/2022.1.2/oneapi/compiler/2022.0.2/linux/bin-llvm/../lib/libsycl-cmath-fp64.o -outputs=/home/u132300/tmp/libsycl-cmath-fp64-ec5c79.o -unbundle -allow-missing-bundles
 "/glob/development-tools/versions/oneapi/2022.1.2/oneapi/compiler/2022.0.2/linux/bin-llvm/clang-offload-bundler" -type=o -targets=sycl-spir64-unknown-unknown -inputs=/glob/development-tools/versions/oneapi/2022.1.2/oneapi/compiler/2022.0.2/linux/bin-llvm/../lib/libsycl-fallback-cassert.o -outputs=/home/u132300/tmp/libsycl-fallback-cassert-d15231.o -unbundle -allow-missing-bundles
 "/glob/development-tools/versions/oneapi/2022.1.2/oneapi/compiler/2022.0.2/linux/bin-llvm/clang-offload-bundler" -type=o -targets=sycl-spir64-unknown-unknown -inputs=/glob/development-tools/versions/oneapi/2022.1.2/oneapi/compiler/2022.0.2/linux/bin-llvm/../lib/libsycl-fallback-cstring.o -outputs=/home/u132300/tmp/libsycl-fallback-cstring-52ab81.o -unbundle -allow-missing-bundles
 "/glob/development-tools/versions/oneapi/2022.1.2/oneapi/compiler/2022.0.2/linux/bin-llvm/clang-offload-bundler" -type=o -targets=sycl-spir64-unknown-unknown -inputs=/glob/development-tools/versions/oneapi/2022.1.2/oneapi/compiler/2022.0.2/linux/bin-llvm/../lib/libsycl-fallback-complex.o -outputs=/home/u132300/tmp/libsycl-fallback-complex-355f22.o -unbundle -allow-missing-bundles
 "/glob/development-tools/versions/oneapi/2022.1.2/oneapi/compiler/2022.0.2/linux/bin-llvm/clang-offload-bundler" -type=o -targets=sycl-spir64-unknown-unknown -inputs=/glob/development-tools/versions/oneapi/2022.1.2/oneapi/compiler/2022.0.2/linux/bin-llvm/../lib/libsycl-fallback-complex-fp64.o -outputs=/home/u132300/tmp/libsycl-fallback-complex-fp64-ada380.o -unbundle -allow-missing-bundles
 "/glob/development-tools/versions/oneapi/2022.1.2/oneapi/compiler/2022.0.2/linux/bin-llvm/clang-offload-bundler" -type=o -targets=sycl-spir64-unknown-unknown -inputs=/glob/development-tools/versions/oneapi/2022.1.2/oneapi/compiler/2022.0.2/linux/bin-llvm/../lib/libsycl-fallback-cmath.o -outputs=/home/u132300/tmp/libsycl-fallback-cmath-f7c533.o -unbundle -allow-missing-bundles
 "/glob/development-tools/versions/oneapi/2022.1.2/oneapi/compiler/2022.0.2/linux/bin-llvm/clang-offload-bundler" -type=o -targets=sycl-spir64-unknown-unknown -inputs=/glob/development-tools/versions/oneapi/2022.1.2/oneapi/compiler/2022.0.2/linux/bin-llvm/../lib/libsycl-fallback-cmath-fp64.o -outputs=/home/u132300/tmp/libsycl-fallback-cmath-fp64-e04337.o -unbundle -allow-missing-bundles
 "/glob/development-tools/versions/oneapi/2022.1.2/oneapi/compiler/2022.0.2/linux/bin-llvm/llvm-link" -only-needed /home/u132300/tmp/CMakeCXXCompilerABI-69eb40.bc /home/u132300/tmp/libsycl-crt-ab51c2.o /home/u132300/tmp/libsycl-complex-f96568.o /home/u132300/tmp/libsycl-complex-fp64-d4ccdb.o /home/u132300/tmp/libsycl-cmath-b89b5c.o /home/u132300/tmp/libsycl-cmath-fp64-ec5c79.o /home/u132300/tmp/libsycl-fallback-cassert-d15231.o /home/u132300/tmp/libsycl-fallback-cstring-52ab81.o /home/u132300/tmp/libsycl-fallback-complex-355f22.o /home/u132300/tmp/libsycl-fallback-complex-fp64-ada380.o /home/u132300/tmp/libsycl-fallback-cmath-f7c533.o /home/u132300/tmp/libsycl-fallback-cmath-fp64-e04337.o -o /home/u132300/tmp/CMakeCXXCompilerABI-48af32.bc --suppress-warnings
 "/glob/development-tools/versions/oneapi/2022.1.2/oneapi/compiler/2022.0.2/linux/bin/sycl-post-link" -split=auto -symbols -split-esimd -lower-esimd -O2 -spec-const=rt -o /home/u132300/tmp/CMakeCXXCompilerABI-067569.table /home/u132300/tmp/CMakeCXXCompilerABI-48af32.bc
 "/glob/development-tools/versions/oneapi/2022.1.2/oneapi/compiler/2022.0.2/linux/bin-llvm/file-table-tform" -extract=Code -drop_titles -o /home/u132300/tmp/CMakeCXXCompilerABI-80624f.txt /home/u132300/tmp/CMakeCXXCompilerABI-067569.table
 "/glob/development-tools/versions/oneapi/2022.1.2/oneapi/compiler/2022.0.2/linux/bin-llvm/llvm-foreach" --in-file-list=/home/u132300/tmp/CMakeCXXCompilerABI-80624f.txt --in-replace=/home/u132300/tmp/CMakeCXXCompilerABI-80624f.txt --out-ext=spv --out-file-list=/home/u132300/tmp/CMakeCXXCompilerABI-236e89.txt --out-replace=/home/u132300/tmp/CMakeCXXCompilerABI-236e89.txt -- /glob/development-tools/versions/oneapi/2022.1.2/oneapi/compiler/2022.0.2/linux/bin-llvm/llvm-spirv -o /home/u132300/tmp/CMakeCXXCompilerABI-236e89.txt -spirv-max-version=1.3 -spirv-debug-info-version=ocl-100 -spirv-allow-extra-diexpressions -spirv-allow-unknown-intrinsics=llvm.genx. -spirv-ext=-all,+SPV_EXT_shader_atomic_float_add,+SPV_EXT_shader_atomic_float_min_max,+SPV_KHR_no_integer_wrap_decoration,+SPV_KHR_float_controls,+SPV_KHR_expect_assume,+SPV_INTEL_subgroups,+SPV_INTEL_media_block_io,+SPV_INTEL_device_side_avc_motion_estimation,+SPV_INTEL_fpga_loop_controls,+SPV_INTEL_fpga_memory_attributes,+SPV_INTEL_fpga_memory_accesses,+SPV_INTEL_unstructured_loop_controls,+SPV_INTEL_fpga_reg,+SPV_INTEL_blocking_pipes,+SPV_INTEL_function_pointers,+SPV_INTEL_kernel_attributes,+SPV_INTEL_io_pipes,+SPV_INTEL_inline_assembly,+SPV_INTEL_arbitrary_precision_integers,+SPV_INTEL_float_controls2,+SPV_INTEL_vector_compute,+SPV_INTEL_fast_composite,+SPV_INTEL_fpga_buffer_location,+SPV_INTEL_joint_matrix,+SPV_INTEL_arbitrary_precision_fixed_point,+SPV_INTEL_arbitrary_precision_floating_point,+SPV_INTEL_arbitrary_precision_floating_point,+SPV_INTEL_variable_length_array,+SPV_INTEL_fp_fast_math_mode,+SPV_INTEL_fpga_cluster_attributes,+SPV_INTEL_loop_fuse,+SPV_INTEL_long_constant_composite,+SPV_INTEL_fpga_invocation_pipelining_attributes,+SPV_INTEL_fpga_dsp_control,+SPV_INTEL_arithmetic_fence,+SPV_INTEL_runtime_aligned,+SPV_INTEL_optnone,+SPV_INTEL_token_type,+SPV_INTEL_bfloat16_conversion,+SPV_INTEL_joint_matrix /home/u132300/tmp/CMakeCXXCompilerABI-80624f.txt
 "/glob/development-tools/versions/oneapi/2022.1.2/oneapi/compiler/2022.0.2/linux/bin-llvm/file-table-tform" -replace=Code,Code -o /home/u132300/tmp/CMakeCXXCompilerABI-17a6ad.table /home/u132300/tmp/CMakeCXXCompilerABI-067569.table /home/u132300/tmp/CMakeCXXCompilerABI-236e89.txt
 "/glob/development-tools/versions/oneapi/2022.1.2/oneapi/compiler/2022.0.2/linux/bin-llvm/clang-offload-wrapper" -o=/home/u132300/tmp/wrapper-9ee134.bc -host=x86_64-unknown-linux-gnu -target=spir64 -kind=sycl -batch /home/u132300/tmp/CMakeCXXCompilerABI-17a6ad.table
 "/glob/development-tools/versions/oneapi/2022.1.2/oneapi/compiler/2022.0.2/linux/bin-llvm/llc" -filetype=obj -o /home/u132300/tmp/cmTC_d5d62-wrapper-df57e8.o /home/u132300/tmp/wrapper-9ee134.bc
 "/usr/bin/ld" -export-dynamic -z relro --hash-style=gnu --eh-frame-hdr -m elf_x86_64 -export-dynamic -dynamic-linker /lib64/ld-linux-x86-64.so.2 -o cmTC_d5d62 /usr/lib/x86_64-linux-gnu/crt1.o /usr/lib/x86_64-linux-gnu/crti.o /usr/lib/gcc/x86_64-linux-gnu/7.4.0/crtbegin.o -L/glob/development-tools/versions/oneapi/2022.1.2/oneapi/compiler/2022.0.2/linux/bin-llvm/../compiler/lib/intel64_lin -L/glob/development-tools/versions/oneapi/2022.1.2/oneapi/compiler/2022.0.2/linux/bin-llvm/../lib -L/glob/development-tools/versions/oneapi/2022.1.2/oneapi/compiler/2022.0.2/linux/bin-llvm/../compiler/lib/intel64_lin -L/usr/lib/gcc/x86_64-linux-gnu/7.4.0 -L/lib/x86_64-linux-gnu -L/lib/../lib64 -L/usr/lib/x86_64-linux-gnu -L/usr/lib/gcc/x86_64-linux-gnu/7.4.0/../../.. -L/glob/development-tools/versions/oneapi/2022.1.2/oneapi/compiler/2022.0.2/linux/bin-llvm/../lib -L/lib -L/usr/lib -L/glob/development-tools/versions/oneapi/2022.1.2/oneapi/vpl/2022.0.0/lib -L/glob/development-tools/versions/oneapi/2022.1.2/oneapi/tbb/2021.5.1/env/../lib/intel64/gcc4.8 -L/glob/development-tools/versions/oneapi/2022.1.2/oneapi/mpi/2021.5.1//libfabric/lib -L/glob/development-tools/versions/oneapi/2022.1.2/oneapi/mpi/2021.5.1//lib/release -L/glob/development-tools/versions/oneapi/2022.1.2/oneapi/mpi/2021.5.1//lib -L/glob/development-tools/versions/oneapi/2022.1.2/oneapi/mkl/2022.0.2/lib/intel64 -L/glob/development-tools/versions/oneapi/2022.1.2/oneapi/ipp/2021.5.2/lib/intel64 -L/glob/development-tools/versions/oneapi/2022.1.2/oneapi/ippcp/2021.5.1/lib/intel64 -L/glob/development-tools/versions/oneapi/2022.1.2/oneapi/ipp/2021.5.2/lib/intel64 -L/glob/development-tools/versions/oneapi/2022.1.2/oneapi/dnnl/2022.0.2/cpu_dpcpp_gpu_dpcpp/lib -L/glob/development-tools/versions/oneapi/2022.1.2/oneapi/dal/2021.5.3/lib/intel64 -L/glob/development-tools/versions/oneapi/2022.1.2/oneapi/compiler/2022.0.2/linux/compiler/lib/intel64_lin -L/glob/development-tools/versions/oneapi/2022.1.2/oneapi/compiler/2022.0.2/linux/lib -L/glob/development-tools/versions/oneapi/2022.1.2/oneapi/clck/2021.5.0/lib/intel64 -L/glob/development-tools/versions/oneapi/2022.1.2/oneapi/ccl/2021.5.1/lib/cpu_gpu_dpcpp /home/u132300/tmp/CMakeCXXCompilerABI-e3f8fe.o /home/u132300/tmp/cmTC_d5d62-wrapper-df57e8.o -Bstatic -lsvml -Bdynamic -Bstatic -lirng -Bdynamic -lstdc++ -Bstatic -limf -Bdynamic -lm -lgcc_s -lgcc -Bstatic -lirc -Bdynamic -ldl -lgcc_s -lgcc -lsycl -lc -lgcc_s -lgcc -Bstatic -lirc_s -Bdynamic /usr/lib/gcc/x86_64-linux-gnu/7.4.0/crtend.o /usr/lib/x86_64-linux-gnu/crtn.o
make[1]: Leaving directory '/home/u132300/dpcpp-tutorial/matrix-multi/build/CMakeFiles/CMakeTmp'


Parsed CXX implicit link information from above output:
  link line regex: [^( *|.*[/\])(ld|CMAKE_LINK_STARTFILE-NOTFOUND|([^/\]+-)?ld|collect2)[^/\]*( |$)]
  ignore line: [Change Dir: /home/u132300/dpcpp-tutorial/matrix-multi/build/CMakeFiles/CMakeTmp]
  ignore line: []
  ignore line: [Run Build Command:"/usr/bin/make" "cmTC_d5d62/fast"]
  ignore line: [/usr/bin/make -f CMakeFiles/cmTC_d5d62.dir/build.make CMakeFiles/cmTC_d5d62.dir/build]
  ignore line: [make[1]: Entering directory '/home/u132300/dpcpp-tutorial/matrix-multi/build/CMakeFiles/CMakeTmp']
  ignore line: [Building CXX object CMakeFiles/cmTC_d5d62.dir/CMakeCXXCompilerABI.cpp.o]
  ignore line: [/glob/development-tools/versions/oneapi/2022.1.2/oneapi/compiler/2022.0.2/linux/bin/dpcpp     -o CMakeFiles/cmTC_d5d62.dir/CMakeCXXCompilerABI.cpp.o -c /usr/share/cmake-3.10/Modules/CMakeCXXCompilerABI.cpp]
  ignore line: [Linking CXX executable cmTC_d5d62]
  ignore line: [/usr/bin/cmake -E cmake_link_script CMakeFiles/cmTC_d5d62.dir/link.txt --verbose=1]
  ignore line: [/glob/development-tools/versions/oneapi/2022.1.2/oneapi/compiler/2022.0.2/linux/bin/dpcpp      -v -rdynamic CMakeFiles/cmTC_d5d62.dir/CMakeCXXCompilerABI.cpp.o  -o cmTC_d5d62 ]
  ignore line: [Intel(R) oneAPI DPC++/C++ Compiler 2022.0.0 (2022.0.0.20211123)]
  ignore line: [Target: x86_64-unknown-linux-gnu]
  ignore line: [Thread model: posix]
  ignore line: [InstalledDir: /glob/development-tools/versions/oneapi/2022.1.2/oneapi/compiler/2022.0.2/linux/bin-llvm]
  ignore line: [Found candidate GCC installation: /usr/lib/gcc/x86_64-linux-gnu/7]
  ignore line: [Found candidate GCC installation: /usr/lib/gcc/x86_64-linux-gnu/7.4.0]
  ignore line: [Found candidate GCC installation: /usr/lib/gcc/x86_64-linux-gnu/8]
  ignore line: [Selected GCC installation: /usr/lib/gcc/x86_64-linux-gnu/7.4.0]
  ignore line: [Candidate multilib: .]
  ignore line: [@m64]
  ignore line: [Selected multilib: .]
  ignore line: [@m64]
  ignore line: [ "/glob/development-tools/versions/oneapi/2022.1.2/oneapi/compiler/2022.0.2/linux/bin-llvm/clang-offload-bundler" -type=o -targets=host-x86_64-unknown-linux-gnu,sycl-spir64-unknown-unknown -inputs=CMakeFiles/cmTC_d5d62.dir/CMakeCXXCompilerABI.cpp.o -outputs=/home/u132300/tmp/CMakeCXXCompilerABI-e3f8fe.o,/home/u132300/tmp/CMakeCXXCompilerABI-be0d33.o -unbundle -allow-missing-bundles]
  ignore line: [ "/glob/development-tools/versions/oneapi/2022.1.2/oneapi/compiler/2022.0.2/linux/bin-llvm/llvm-link" /home/u132300/tmp/CMakeCXXCompilerABI-be0d33.o -o /home/u132300/tmp/CMakeCXXCompilerABI-69eb40.bc --suppress-warnings]
  ignore line: [ "/glob/development-tools/versions/oneapi/2022.1.2/oneapi/compiler/2022.0.2/linux/bin-llvm/clang-offload-bundler" -type=o -targets=sycl-spir64-unknown-unknown -inputs=/glob/development-tools/versions/oneapi/2022.1.2/oneapi/compiler/2022.0.2/linux/bin-llvm/../lib/libsycl-crt.o -outputs=/home/u132300/tmp/libsycl-crt-ab51c2.o -unbundle -allow-missing-bundles]
  ignore line: [ "/glob/development-tools/versions/oneapi/2022.1.2/oneapi/compiler/2022.0.2/linux/bin-llvm/clang-offload-bundler" -type=o -targets=sycl-spir64-unknown-unknown -inputs=/glob/development-tools/versions/oneapi/2022.1.2/oneapi/compiler/2022.0.2/linux/bin-llvm/../lib/libsycl-complex.o -outputs=/home/u132300/tmp/libsycl-complex-f96568.o -unbundle -allow-missing-bundles]
  ignore line: [ "/glob/development-tools/versions/oneapi/2022.1.2/oneapi/compiler/2022.0.2/linux/bin-llvm/clang-offload-bundler" -type=o -targets=sycl-spir64-unknown-unknown -inputs=/glob/development-tools/versions/oneapi/2022.1.2/oneapi/compiler/2022.0.2/linux/bin-llvm/../lib/libsycl-complex-fp64.o -outputs=/home/u132300/tmp/libsycl-complex-fp64-d4ccdb.o -unbundle -allow-missing-bundles]
  ignore line: [ "/glob/development-tools/versions/oneapi/2022.1.2/oneapi/compiler/2022.0.2/linux/bin-llvm/clang-offload-bundler" -type=o -targets=sycl-spir64-unknown-unknown -inputs=/glob/development-tools/versions/oneapi/2022.1.2/oneapi/compiler/2022.0.2/linux/bin-llvm/../lib/libsycl-cmath.o -outputs=/home/u132300/tmp/libsycl-cmath-b89b5c.o -unbundle -allow-missing-bundles]
  ignore line: [ "/glob/development-tools/versions/oneapi/2022.1.2/oneapi/compiler/2022.0.2/linux/bin-llvm/clang-offload-bundler" -type=o -targets=sycl-spir64-unknown-unknown -inputs=/glob/development-tools/versions/oneapi/2022.1.2/oneapi/compiler/2022.0.2/linux/bin-llvm/../lib/libsycl-cmath-fp64.o -outputs=/home/u132300/tmp/libsycl-cmath-fp64-ec5c79.o -unbundle -allow-missing-bundles]
  ignore line: [ "/glob/development-tools/versions/oneapi/2022.1.2/oneapi/compiler/2022.0.2/linux/bin-llvm/clang-offload-bundler" -type=o -targets=sycl-spir64-unknown-unknown -inputs=/glob/development-tools/versions/oneapi/2022.1.2/oneapi/compiler/2022.0.2/linux/bin-llvm/../lib/libsycl-fallback-cassert.o -outputs=/home/u132300/tmp/libsycl-fallback-cassert-d15231.o -unbundle -allow-missing-bundles]
  ignore line: [ "/glob/development-tools/versions/oneapi/2022.1.2/oneapi/compiler/2022.0.2/linux/bin-llvm/clang-offload-bundler" -type=o -targets=sycl-spir64-unknown-unknown -inputs=/glob/development-tools/versions/oneapi/2022.1.2/oneapi/compiler/2022.0.2/linux/bin-llvm/../lib/libsycl-fallback-cstring.o -outputs=/home/u132300/tmp/libsycl-fallback-cstring-52ab81.o -unbundle -allow-missing-bundles]
  ignore line: [ "/glob/development-tools/versions/oneapi/2022.1.2/oneapi/compiler/2022.0.2/linux/bin-llvm/clang-offload-bundler" -type=o -targets=sycl-spir64-unknown-unknown -inputs=/glob/development-tools/versions/oneapi/2022.1.2/oneapi/compiler/2022.0.2/linux/bin-llvm/../lib/libsycl-fallback-complex.o -outputs=/home/u132300/tmp/libsycl-fallback-complex-355f22.o -unbundle -allow-missing-bundles]
  ignore line: [ "/glob/development-tools/versions/oneapi/2022.1.2/oneapi/compiler/2022.0.2/linux/bin-llvm/clang-offload-bundler" -type=o -targets=sycl-spir64-unknown-unknown -inputs=/glob/development-tools/versions/oneapi/2022.1.2/oneapi/compiler/2022.0.2/linux/bin-llvm/../lib/libsycl-fallback-complex-fp64.o -outputs=/home/u132300/tmp/libsycl-fallback-complex-fp64-ada380.o -unbundle -allow-missing-bundles]
  ignore line: [ "/glob/development-tools/versions/oneapi/2022.1.2/oneapi/compiler/2022.0.2/linux/bin-llvm/clang-offload-bundler" -type=o -targets=sycl-spir64-unknown-unknown -inputs=/glob/development-tools/versions/oneapi/2022.1.2/oneapi/compiler/2022.0.2/linux/bin-llvm/../lib/libsycl-fallback-cmath.o -outputs=/home/u132300/tmp/libsycl-fallback-cmath-f7c533.o -unbundle -allow-missing-bundles]
  ignore line: [ "/glob/development-tools/versions/oneapi/2022.1.2/oneapi/compiler/2022.0.2/linux/bin-llvm/clang-offload-bundler" -type=o -targets=sycl-spir64-unknown-unknown -inputs=/glob/development-tools/versions/oneapi/2022.1.2/oneapi/compiler/2022.0.2/linux/bin-llvm/../lib/libsycl-fallback-cmath-fp64.o -outputs=/home/u132300/tmp/libsycl-fallback-cmath-fp64-e04337.o -unbundle -allow-missing-bundles]
  ignore line: [ "/glob/development-tools/versions/oneapi/2022.1.2/oneapi/compiler/2022.0.2/linux/bin-llvm/llvm-link" -only-needed /home/u132300/tmp/CMakeCXXCompilerABI-69eb40.bc /home/u132300/tmp/libsycl-crt-ab51c2.o /home/u132300/tmp/libsycl-complex-f96568.o /home/u132300/tmp/libsycl-complex-fp64-d4ccdb.o /home/u132300/tmp/libsycl-cmath-b89b5c.o /home/u132300/tmp/libsycl-cmath-fp64-ec5c79.o /home/u132300/tmp/libsycl-fallback-cassert-d15231.o /home/u132300/tmp/libsycl-fallback-cstring-52ab81.o /home/u132300/tmp/libsycl-fallback-complex-355f22.o /home/u132300/tmp/libsycl-fallback-complex-fp64-ada380.o /home/u132300/tmp/libsycl-fallback-cmath-f7c533.o /home/u132300/tmp/libsycl-fallback-cmath-fp64-e04337.o -o /home/u132300/tmp/CMakeCXXCompilerABI-48af32.bc --suppress-warnings]
  ignore line: [ "/glob/development-tools/versions/oneapi/2022.1.2/oneapi/compiler/2022.0.2/linux/bin/sycl-post-link" -split=auto -symbols -split-esimd -lower-esimd -O2 -spec-const=rt -o /home/u132300/tmp/CMakeCXXCompilerABI-067569.table /home/u132300/tmp/CMakeCXXCompilerABI-48af32.bc]
  ignore line: [ "/glob/development-tools/versions/oneapi/2022.1.2/oneapi/compiler/2022.0.2/linux/bin-llvm/file-table-tform" -extract=Code -drop_titles -o /home/u132300/tmp/CMakeCXXCompilerABI-80624f.txt /home/u132300/tmp/CMakeCXXCompilerABI-067569.table]
  ignore line: [ "/glob/development-tools/versions/oneapi/2022.1.2/oneapi/compiler/2022.0.2/linux/bin-llvm/llvm-foreach" --in-file-list=/home/u132300/tmp/CMakeCXXCompilerABI-80624f.txt --in-replace=/home/u132300/tmp/CMakeCXXCompilerABI-80624f.txt --out-ext=spv --out-file-list=/home/u132300/tmp/CMakeCXXCompilerABI-236e89.txt --out-replace=/home/u132300/tmp/CMakeCXXCompilerABI-236e89.txt -- /glob/development-tools/versions/oneapi/2022.1.2/oneapi/compiler/2022.0.2/linux/bin-llvm/llvm-spirv -o /home/u132300/tmp/CMakeCXXCompilerABI-236e89.txt -spirv-max-version=1.3 -spirv-debug-info-version=ocl-100 -spirv-allow-extra-diexpressions -spirv-allow-unknown-intrinsics=llvm.genx. -spirv-ext=-all,+SPV_EXT_shader_atomic_float_add,+SPV_EXT_shader_atomic_float_min_max,+SPV_KHR_no_integer_wrap_decoration,+SPV_KHR_float_controls,+SPV_KHR_expect_assume,+SPV_INTEL_subgroups,+SPV_INTEL_media_block_io,+SPV_INTEL_device_side_avc_motion_estimation,+SPV_INTEL_fpga_loop_controls,+SPV_INTEL_fpga_memory_attributes,+SPV_INTEL_fpga_memory_accesses,+SPV_INTEL_unstructured_loop_controls,+SPV_INTEL_fpga_reg,+SPV_INTEL_blocking_pipes,+SPV_INTEL_function_pointers,+SPV_INTEL_kernel_attributes,+SPV_INTEL_io_pipes,+SPV_INTEL_inline_assembly,+SPV_INTEL_arbitrary_precision_integers,+SPV_INTEL_float_controls2,+SPV_INTEL_vector_compute,+SPV_INTEL_fast_composite,+SPV_INTEL_fpga_buffer_location,+SPV_INTEL_joint_matrix,+SPV_INTEL_arbitrary_precision_fixed_point,+SPV_INTEL_arbitrary_precision_floating_point,+SPV_INTEL_arbitrary_precision_floating_point,+SPV_INTEL_variable_length_array,+SPV_INTEL_fp_fast_math_mode,+SPV_INTEL_fpga_cluster_attributes,+SPV_INTEL_loop_fuse,+SPV_INTEL_long_constant_composite,+SPV_INTEL_fpga_invocation_pipelining_attributes,+SPV_INTEL_fpga_dsp_control,+SPV_INTEL_arithmetic_fence,+SPV_INTEL_runtime_aligned,+SPV_INTEL_optnone,+SPV_INTEL_token_type,+SPV_INTEL_bfloat16_conversion,+SPV_INTEL_joint_matrix /home/u132300/tmp/CMakeCXXCompilerABI-80624f.txt]
  ignore line: [ "/glob/development-tools/versions/oneapi/2022.1.2/oneapi/compiler/2022.0.2/linux/bin-llvm/file-table-tform" -replace=Code,Code -o /home/u132300/tmp/CMakeCXXCompilerABI-17a6ad.table /home/u132300/tmp/CMakeCXXCompilerABI-067569.table /home/u132300/tmp/CMakeCXXCompilerABI-236e89.txt]
  ignore line: [ "/glob/development-tools/versions/oneapi/2022.1.2/oneapi/compiler/2022.0.2/linux/bin-llvm/clang-offload-wrapper" -o=/home/u132300/tmp/wrapper-9ee134.bc -host=x86_64-unknown-linux-gnu -target=spir64 -kind=sycl -batch /home/u132300/tmp/CMakeCXXCompilerABI-17a6ad.table]
  ignore line: [ "/glob/development-tools/versions/oneapi/2022.1.2/oneapi/compiler/2022.0.2/linux/bin-llvm/llc" -filetype=obj -o /home/u132300/tmp/cmTC_d5d62-wrapper-df57e8.o /home/u132300/tmp/wrapper-9ee134.bc]
  link line: [ "/usr/bin/ld" -export-dynamic -z relro --hash-style=gnu --eh-frame-hdr -m elf_x86_64 -export-dynamic -dynamic-linker /lib64/ld-linux-x86-64.so.2 -o cmTC_d5d62 /usr/lib/x86_64-linux-gnu/crt1.o /usr/lib/x86_64-linux-gnu/crti.o /usr/lib/gcc/x86_64-linux-gnu/7.4.0/crtbegin.o -L/glob/development-tools/versions/oneapi/2022.1.2/oneapi/compiler/2022.0.2/linux/bin-llvm/../compiler/lib/intel64_lin -L/glob/development-tools/versions/oneapi/2022.1.2/oneapi/compiler/2022.0.2/linux/bin-llvm/../lib -L/glob/development-tools/versions/oneapi/2022.1.2/oneapi/compiler/2022.0.2/linux/bin-llvm/../compiler/lib/intel64_lin -L/usr/lib/gcc/x86_64-linux-gnu/7.4.0 -L/lib/x86_64-linux-gnu -L/lib/../lib64 -L/usr/lib/x86_64-linux-gnu -L/usr/lib/gcc/x86_64-linux-gnu/7.4.0/../../.. -L/glob/development-tools/versions/oneapi/2022.1.2/oneapi/compiler/2022.0.2/linux/bin-llvm/../lib -L/lib -L/usr/lib -L/glob/development-tools/versions/oneapi/2022.1.2/oneapi/vpl/2022.0.0/lib -L/glob/development-tools/versions/oneapi/2022.1.2/oneapi/tbb/2021.5.1/env/../lib/intel64/gcc4.8 -L/glob/development-tools/versions/oneapi/2022.1.2/oneapi/mpi/2021.5.1//libfabric/lib -L/glob/development-tools/versions/oneapi/2022.1.2/oneapi/mpi/2021.5.1//lib/release -L/glob/development-tools/versions/oneapi/2022.1.2/oneapi/mpi/2021.5.1//lib -L/glob/development-tools/versions/oneapi/2022.1.2/oneapi/mkl/2022.0.2/lib/intel64 -L/glob/development-tools/versions/oneapi/2022.1.2/oneapi/ipp/2021.5.2/lib/intel64 -L/glob/development-tools/versions/oneapi/2022.1.2/oneapi/ippcp/2021.5.1/lib/intel64 -L/glob/development-tools/versions/oneapi/2022.1.2/oneapi/ipp/2021.5.2/lib/intel64 -L/glob/development-tools/versions/oneapi/2022.1.2/oneapi/dnnl/2022.0.2/cpu_dpcpp_gpu_dpcpp/lib -L/glob/development-tools/versions/oneapi/2022.1.2/oneapi/dal/2021.5.3/lib/intel64 -L/glob/development-tools/versions/oneapi/2022.1.2/oneapi/compiler/2022.0.2/linux/compiler/lib/intel64_lin -L/glob/development-tools/versions/oneapi/2022.1.2/oneapi/compiler/2022.0.2/linux/lib -L/glob/development-tools/versions/oneapi/2022.1.2/oneapi/clck/2021.5.0/lib/intel64 -L/glob/development-tools/versions/oneapi/2022.1.2/oneapi/ccl/2021.5.1/lib/cpu_gpu_dpcpp /home/u132300/tmp/CMakeCXXCompilerABI-e3f8fe.o /home/u132300/tmp/cmTC_d5d62-wrapper-df57e8.o -Bstatic -lsvml -Bdynamic -Bstatic -lirng -Bdynamic -lstdc++ -Bstatic -limf -Bdynamic -lm -lgcc_s -lgcc -Bstatic -lirc -Bdynamic -ldl -lgcc_s -lgcc -lsycl -lc -lgcc_s -lgcc -Bstatic -lirc_s -Bdynamic /usr/lib/gcc/x86_64-linux-gnu/7.4.0/crtend.o /usr/lib/x86_64-linux-gnu/crtn.o]
    arg [/usr/bin/ld] ==> ignore
    arg [-export-dynamic] ==> ignore
    arg [-zrelro] ==> ignore
    arg [--hash-style=gnu] ==> ignore
    arg [--eh-frame-hdr] ==> ignore
    arg [-m] ==> ignore
    arg [elf_x86_64] ==> ignore
    arg [-export-dynamic] ==> ignore
    arg [-dynamic-linker] ==> ignore
    arg [/lib64/ld-linux-x86-64.so.2] ==> ignore
    arg [-o] ==> ignore
    arg [cmTC_d5d62] ==> ignore
    arg [/usr/lib/x86_64-linux-gnu/crt1.o] ==> ignore
    arg [/usr/lib/x86_64-linux-gnu/crti.o] ==> ignore
    arg [/usr/lib/gcc/x86_64-linux-gnu/7.4.0/crtbegin.o] ==> ignore
    arg [-L/glob/development-tools/versions/oneapi/2022.1.2/oneapi/compiler/2022.0.2/linux/bin-llvm/../compiler/lib/intel64_lin] ==> dir [/glob/development-tools/versions/oneapi/2022.1.2/oneapi/compiler/2022.0.2/linux/bin-llvm/../compiler/lib/intel64_lin]
    arg [-L/glob/development-tools/versions/oneapi/2022.1.2/oneapi/compiler/2022.0.2/linux/bin-llvm/../lib] ==> dir [/glob/development-tools/versions/oneapi/2022.1.2/oneapi/compiler/2022.0.2/linux/bin-llvm/../lib]
    arg [-L/glob/development-tools/versions/oneapi/2022.1.2/oneapi/compiler/2022.0.2/linux/bin-llvm/../compiler/lib/intel64_lin] ==> dir [/glob/development-tools/versions/oneapi/2022.1.2/oneapi/compiler/2022.0.2/linux/bin-llvm/../compiler/lib/intel64_lin]
    arg [-L/usr/lib/gcc/x86_64-linux-gnu/7.4.0] ==> dir [/usr/lib/gcc/x86_64-linux-gnu/7.4.0]
    arg [-L/lib/x86_64-linux-gnu] ==> dir [/lib/x86_64-linux-gnu]
    arg [-L/lib/../lib64] ==> dir [/lib/../lib64]
    arg [-L/usr/lib/x86_64-linux-gnu] ==> dir [/usr/lib/x86_64-linux-gnu]
    arg [-L/usr/lib/gcc/x86_64-linux-gnu/7.4.0/../../..] ==> dir [/usr/lib/gcc/x86_64-linux-gnu/7.4.0/../../..]
    arg [-L/glob/development-tools/versions/oneapi/2022.1.2/oneapi/compiler/2022.0.2/linux/bin-llvm/../lib] ==> dir [/glob/development-tools/versions/oneapi/2022.1.2/oneapi/compiler/2022.0.2/linux/bin-llvm/../lib]
    arg [-L/lib] ==> dir [/lib]
    arg [-L/usr/lib] ==> dir [/usr/lib]
    arg [-L/glob/development-tools/versions/oneapi/2022.1.2/oneapi/vpl/2022.0.0/lib] ==> dir [/glob/development-tools/versions/oneapi/2022.1.2/oneapi/vpl/2022.0.0/lib]
    arg [-L/glob/development-tools/versions/oneapi/2022.1.2/oneapi/tbb/2021.5.1/env/../lib/intel64/gcc4.8] ==> dir [/glob/development-tools/versions/oneapi/2022.1.2/oneapi/tbb/2021.5.1/env/../lib/intel64/gcc4.8]
    arg [-L/glob/development-tools/versions/oneapi/2022.1.2/oneapi/mpi/2021.5.1//libfabric/lib] ==> dir [/glob/development-tools/versions/oneapi/2022.1.2/oneapi/mpi/2021.5.1//libfabric/lib]
    arg [-L/glob/development-tools/versions/oneapi/2022.1.2/oneapi/mpi/2021.5.1//lib/release] ==> dir [/glob/development-tools/versions/oneapi/2022.1.2/oneapi/mpi/2021.5.1//lib/release]
    arg [-L/glob/development-tools/versions/oneapi/2022.1.2/oneapi/mpi/2021.5.1//lib] ==> dir [/glob/development-tools/versions/oneapi/2022.1.2/oneapi/mpi/2021.5.1//lib]
    arg [-L/glob/development-tools/versions/oneapi/2022.1.2/oneapi/mkl/2022.0.2/lib/intel64] ==> dir [/glob/development-tools/versions/oneapi/2022.1.2/oneapi/mkl/2022.0.2/lib/intel64]
    arg [-L/glob/development-tools/versions/oneapi/2022.1.2/oneapi/ipp/2021.5.2/lib/intel64] ==> dir [/glob/development-tools/versions/oneapi/2022.1.2/oneapi/ipp/2021.5.2/lib/intel64]
    arg [-L/glob/development-tools/versions/oneapi/2022.1.2/oneapi/ippcp/2021.5.1/lib/intel64] ==> dir [/glob/development-tools/versions/oneapi/2022.1.2/oneapi/ippcp/2021.5.1/lib/intel64]
    arg [-L/glob/development-tools/versions/oneapi/2022.1.2/oneapi/ipp/2021.5.2/lib/intel64] ==> dir [/glob/development-tools/versions/oneapi/2022.1.2/oneapi/ipp/2021.5.2/lib/intel64]
    arg [-L/glob/development-tools/versions/oneapi/2022.1.2/oneapi/dnnl/2022.0.2/cpu_dpcpp_gpu_dpcpp/lib] ==> dir [/glob/development-tools/versions/oneapi/2022.1.2/oneapi/dnnl/2022.0.2/cpu_dpcpp_gpu_dpcpp/lib]
    arg [-L/glob/development-tools/versions/oneapi/2022.1.2/oneapi/dal/2021.5.3/lib/intel64] ==> dir [/glob/development-tools/versions/oneapi/2022.1.2/oneapi/dal/2021.5.3/lib/intel64]
    arg [-L/glob/development-tools/versions/oneapi/2022.1.2/oneapi/compiler/2022.0.2/linux/compiler/lib/intel64_lin] ==> dir [/glob/development-tools/versions/oneapi/2022.1.2/oneapi/compiler/2022.0.2/linux/compiler/lib/intel64_lin]
    arg [-L/glob/development-tools/versions/oneapi/2022.1.2/oneapi/compiler/2022.0.2/linux/lib] ==> dir [/glob/development-tools/versions/oneapi/2022.1.2/oneapi/compiler/2022.0.2/linux/lib]
    arg [-L/glob/development-tools/versions/oneapi/2022.1.2/oneapi/clck/2021.5.0/lib/intel64] ==> dir [/glob/development-tools/versions/oneapi/2022.1.2/oneapi/clck/2021.5.0/lib/intel64]
    arg [-L/glob/development-tools/versions/oneapi/2022.1.2/oneapi/ccl/2021.5.1/lib/cpu_gpu_dpcpp] ==> dir [/glob/development-tools/versions/oneapi/2022.1.2/oneapi/ccl/2021.5.1/lib/cpu_gpu_dpcpp]
    arg [/home/u132300/tmp/CMakeCXXCompilerABI-e3f8fe.o] ==> ignore
    arg [/home/u132300/tmp/cmTC_d5d62-wrapper-df57e8.o] ==> ignore
    arg [-Bstatic] ==> ignore
    arg [-lsvml] ==> lib [svml]
    arg [-Bdynamic] ==> ignore
    arg [-Bstatic] ==> ignore
    arg [-lirng] ==> lib [irng]
    arg [-Bdynamic] ==> ignore
    arg [-lstdc++] ==> lib [stdc++]
    arg [-Bstatic] ==> ignore
    arg [-limf] ==> lib [imf]
    arg [-Bdynamic] ==> ignore
    arg [-lm] ==> lib [m]
    arg [-lgcc_s] ==> lib [gcc_s]
    arg [-lgcc] ==> lib [gcc]
    arg [-Bstatic] ==> ignore
    arg [-lirc] ==> lib [irc]
    arg [-Bdynamic] ==> ignore
    arg [-ldl] ==> lib [dl]
    arg [-lgcc_s] ==> lib [gcc_s]
    arg [-lgcc] ==> lib [gcc]
    arg [-lsycl] ==> lib [sycl]
    arg [-lc] ==> lib [c]
    arg [-lgcc_s] ==> lib [gcc_s]
    arg [-lgcc] ==> lib [gcc]
    arg [-Bstatic] ==> ignore
    arg [-lirc_s] ==> lib [irc_s]
    arg [-Bdynamic] ==> ignore
    arg [/usr/lib/gcc/x86_64-linux-gnu/7.4.0/crtend.o] ==> ignore
    arg [/usr/lib/x86_64-linux-gnu/crtn.o] ==> ignore
  collapse library dir [/glob/development-tools/versions/oneapi/2022.1.2/oneapi/compiler/2022.0.2/linux/bin-llvm/../compiler/lib/intel64_lin] ==> [/glob/development-tools/versions/oneapi/2022.1.2/oneapi/compiler/2022.0.2/linux/compiler/lib/intel64_lin]
  collapse library dir [/glob/development-tools/versions/oneapi/2022.1.2/oneapi/compiler/2022.0.2/linux/bin-llvm/../lib] ==> [/glob/development-tools/versions/oneapi/2022.1.2/oneapi/compiler/2022.0.2/linux/lib]
  collapse library dir [/glob/development-tools/versions/oneapi/2022.1.2/oneapi/compiler/2022.0.2/linux/bin-llvm/../compiler/lib/intel64_lin] ==> [/glob/development-tools/versions/oneapi/2022.1.2/oneapi/compiler/2022.0.2/linux/compiler/lib/intel64_lin]
  collapse library dir [/usr/lib/gcc/x86_64-linux-gnu/7.4.0] ==> [/usr/lib/gcc/x86_64-linux-gnu/7.4.0]
  collapse library dir [/lib/x86_64-linux-gnu] ==> [/lib/x86_64-linux-gnu]
  collapse library dir [/lib/../lib64] ==> [/lib64]
  collapse library dir [/usr/lib/x86_64-linux-gnu] ==> [/usr/lib/x86_64-linux-gnu]
  collapse library dir [/usr/lib/gcc/x86_64-linux-gnu/7.4.0/../../..] ==> [/usr/lib]
  collapse library dir [/glob/development-tools/versions/oneapi/2022.1.2/oneapi/compiler/2022.0.2/linux/bin-llvm/../lib] ==> [/glob/development-tools/versions/oneapi/2022.1.2/oneapi/compiler/2022.0.2/linux/lib]
  collapse library dir [/lib] ==> [/lib]
  collapse library dir [/usr/lib] ==> [/usr/lib]
  collapse library dir [/glob/development-tools/versions/oneapi/2022.1.2/oneapi/vpl/2022.0.0/lib] ==> [/glob/development-tools/versions/oneapi/2022.1.2/oneapi/vpl/2022.0.0/lib]
  collapse library dir [/glob/development-tools/versions/oneapi/2022.1.2/oneapi/tbb/2021.5.1/env/../lib/intel64/gcc4.8] ==> [/glob/development-tools/versions/oneapi/2022.1.2/oneapi/tbb/2021.5.1/lib/intel64/gcc4.8]
  collapse library dir [/glob/development-tools/versions/oneapi/2022.1.2/oneapi/mpi/2021.5.1//libfabric/lib] ==> [/glob/development-tools/versions/oneapi/2022.1.2/oneapi/mpi/2021.5.1/libfabric/lib]
  collapse library dir [/glob/development-tools/versions/oneapi/2022.1.2/oneapi/mpi/2021.5.1//lib/release] ==> [/glob/development-tools/versions/oneapi/2022.1.2/oneapi/mpi/2021.5.1/lib/release]
  collapse library dir [/glob/development-tools/versions/oneapi/2022.1.2/oneapi/mpi/2021.5.1//lib] ==> [/glob/development-tools/versions/oneapi/2022.1.2/oneapi/mpi/2021.5.1/lib]
  collapse library dir [/glob/development-tools/versions/oneapi/2022.1.2/oneapi/mkl/2022.0.2/lib/intel64] ==> [/glob/development-tools/versions/oneapi/2022.1.2/oneapi/mkl/2022.0.2/lib/intel64]
  collapse library dir [/glob/development-tools/versions/oneapi/2022.1.2/oneapi/ipp/2021.5.2/lib/intel64] ==> [/glob/development-tools/versions/oneapi/2022.1.2/oneapi/ipp/2021.5.2/lib/intel64]
  collapse library dir [/glob/development-tools/versions/oneapi/2022.1.2/oneapi/ippcp/2021.5.1/lib/intel64] ==> [/glob/development-tools/versions/oneapi/2022.1.2/oneapi/ippcp/2021.5.1/lib/intel64]
  collapse library dir [/glob/development-tools/versions/oneapi/2022.1.2/oneapi/ipp/2021.5.2/lib/intel64] ==> [/glob/development-tools/versions/oneapi/2022.1.2/oneapi/ipp/2021.5.2/lib/intel64]
  collapse library dir [/glob/development-tools/versions/oneapi/2022.1.2/oneapi/dnnl/2022.0.2/cpu_dpcpp_gpu_dpcpp/lib] ==> [/glob/development-tools/versions/oneapi/2022.1.2/oneapi/dnnl/2022.0.2/cpu_dpcpp_gpu_dpcpp/lib]
  collapse library dir [/glob/development-tools/versions/oneapi/2022.1.2/oneapi/dal/2021.5.3/lib/intel64] ==> [/glob/development-tools/versions/oneapi/2022.1.2/oneapi/dal/2021.5.3/lib/intel64]
  collapse library dir [/glob/development-tools/versions/oneapi/2022.1.2/oneapi/compiler/2022.0.2/linux/compiler/lib/intel64_lin] ==> [/glob/development-tools/versions/oneapi/2022.1.2/oneapi/compiler/2022.0.2/linux/compiler/lib/intel64_lin]
  collapse library dir [/glob/development-tools/versions/oneapi/2022.1.2/oneapi/compiler/2022.0.2/linux/lib] ==> [/glob/development-tools/versions/oneapi/2022.1.2/oneapi/compiler/2022.0.2/linux/lib]
  collapse library dir [/glob/development-tools/versions/oneapi/2022.1.2/oneapi/clck/2021.5.0/lib/intel64] ==> [/glob/development-tools/versions/oneapi/2022.1.2/oneapi/clck/2021.5.0/lib/intel64]
  collapse library dir [/glob/development-tools/versions/oneapi/2022.1.2/oneapi/ccl/2021.5.1/lib/cpu_gpu_dpcpp] ==> [/glob/development-tools/versions/oneapi/2022.1.2/oneapi/ccl/2021.5.1/lib/cpu_gpu_dpcpp]
  implicit libs: [svml;irng;stdc++;imf;m;gcc_s;gcc;irc;dl;gcc_s;gcc;sycl;c;gcc_s;gcc;irc_s]
  implicit dirs: [/glob/development-tools/versions/oneapi/2022.1.2/oneapi/compiler/2022.0.2/linux/compiler/lib/intel64_lin;/glob/development-tools/versions/oneapi/2022.1.2/oneapi/compiler/2022.0.2/linux/lib;/usr/lib/gcc/x86_64-linux-gnu/7.4.0;/lib/x86_64-linux-gnu;/lib64;/usr/lib/x86_64-linux-gnu;/usr/lib;/lib;/glob/development-tools/versions/oneapi/2022.1.2/oneapi/vpl/2022.0.0/lib;/glob/development-tools/versions/oneapi/2022.1.2/oneapi/tbb/2021.5.1/lib/intel64/gcc4.8;/glob/development-tools/versions/oneapi/2022.1.2/oneapi/mpi/2021.5.1/libfabric/lib;/glob/development-tools/versions/oneapi/2022.1.2/oneapi/mpi/2021.5.1/lib/release;/glob/development-tools/versions/oneapi/2022.1.2/oneapi/mpi/2021.5.1/lib;/glob/development-tools/versions/oneapi/2022.1.2/oneapi/mkl/2022.0.2/lib/intel64;/glob/development-tools/versions/oneapi/2022.1.2/oneapi/ipp/2021.5.2/lib/intel64;/glob/development-tools/versions/oneapi/2022.1.2/oneapi/ippcp/2021.5.1/lib/intel64;/glob/development-tools/versions/oneapi/2022.1.2/oneapi/dnnl/2022.0.2/cpu_dpcpp_gpu_dpcpp/lib;/glob/development-tools/versions/oneapi/2022.1.2/oneapi/dal/2021.5.3/lib/intel64;/glob/development-tools/versions/oneapi/2022.1.2/oneapi/clck/2021.5.0/lib/intel64;/glob/development-tools/versions/oneapi/2022.1.2/oneapi/ccl/2021.5.1/lib/cpu_gpu_dpcpp]
  implicit fwks: []




Detecting CXX [-std=c++1z] compiler features compiled with the following output:
Change Dir: /home/u132300/dpcpp-tutorial/matrix-multi/build/CMakeFiles/CMakeTmp

Run Build Command:"/usr/bin/make" "cmTC_1752b/fast"
/usr/bin/make -f CMakeFiles/cmTC_1752b.dir/build.make CMakeFiles/cmTC_1752b.dir/build
make[1]: Entering directory '/home/u132300/dpcpp-tutorial/matrix-multi/build/CMakeFiles/CMakeTmp'
Building CXX object CMakeFiles/cmTC_1752b.dir/feature_tests.cxx.o
/glob/development-tools/versions/oneapi/2022.1.2/oneapi/compiler/2022.0.2/linux/bin/dpcpp    -std=c++1z -o CMakeFiles/cmTC_1752b.dir/feature_tests.cxx.o -c /home/u132300/dpcpp-tutorial/matrix-multi/build/CMakeFiles/feature_tests.cxx
Linking CXX executable cmTC_1752b
/usr/bin/cmake -E cmake_link_script CMakeFiles/cmTC_1752b.dir/link.txt --verbose=1
/glob/development-tools/versions/oneapi/2022.1.2/oneapi/compiler/2022.0.2/linux/bin/dpcpp       -rdynamic CMakeFiles/cmTC_1752b.dir/feature_tests.cxx.o  -o cmTC_1752b 
make[1]: Leaving directory '/home/u132300/dpcpp-tutorial/matrix-multi/build/CMakeFiles/CMakeTmp'


    Feature record: CXX_FEATURE:1cxx_aggregate_default_initializers
    Feature record: CXX_FEATURE:1cxx_alias_templates
    Feature record: CXX_FEATURE:1cxx_alignas
    Feature record: CXX_FEATURE:1cxx_alignof
    Feature record: CXX_FEATURE:1cxx_attributes
    Feature record: CXX_FEATURE:1cxx_attribute_deprecated
    Feature record: CXX_FEATURE:1cxx_auto_type
    Feature record: CXX_FEATURE:1cxx_binary_literals
    Feature record: CXX_FEATURE:1cxx_constexpr
    Feature record: CXX_FEATURE:1cxx_contextual_conversions
    Feature record: CXX_FEATURE:1cxx_decltype
    Feature record: CXX_FEATURE:1cxx_decltype_auto
    Feature record: CXX_FEATURE:1cxx_decltype_incomplete_return_types
    Feature record: CXX_FEATURE:1cxx_default_function_template_args
    Feature record: CXX_FEATURE:1cxx_defaulted_functions
    Feature record: CXX_FEATURE:1cxx_defaulted_move_initializers
    Feature record: CXX_FEATURE:1cxx_delegating_constructors
    Feature record: CXX_FEATURE:1cxx_deleted_functions
    Feature record: CXX_FEATURE:1cxx_digit_separators
    Feature record: CXX_FEATURE:1cxx_enum_forward_declarations
    Feature record: CXX_FEATURE:1cxx_explicit_conversions
    Feature record: CXX_FEATURE:1cxx_extended_friend_declarations
    Feature record: CXX_FEATURE:1cxx_extern_templates
    Feature record: CXX_FEATURE:1cxx_final
    Feature record: CXX_FEATURE:1cxx_func_identifier
    Feature record: CXX_FEATURE:1cxx_generalized_initializers
    Feature record: CXX_FEATURE:1cxx_generic_lambdas
    Feature record: CXX_FEATURE:1cxx_inheriting_constructors
    Feature record: CXX_FEATURE:1cxx_inline_namespaces
    Feature record: CXX_FEATURE:1cxx_lambdas
    Feature record: CXX_FEATURE:1cxx_lambda_init_captures
    Feature record: CXX_FEATURE:1cxx_local_type_template_args
    Feature record: CXX_FEATURE:1cxx_long_long_type
    Feature record: CXX_FEATURE:1cxx_noexcept
    Feature record: CXX_FEATURE:1cxx_nonstatic_member_init
    Feature record: CXX_FEATURE:1cxx_nullptr
    Feature record: CXX_FEATURE:1cxx_override
    Feature record: CXX_FEATURE:1cxx_range_for
    Feature record: CXX_FEATURE:1cxx_raw_string_literals
    Feature record: CXX_FEATURE:1cxx_reference_qualified_functions
    Feature record: CXX_FEATURE:1cxx_relaxed_constexpr
    Feature record: CXX_FEATURE:1cxx_return_type_deduction
    Feature record: CXX_FEATURE:1cxx_right_angle_brackets
    Feature record: CXX_FEATURE:1cxx_rvalue_references
    Feature record: CXX_FEATURE:1cxx_sizeof_member
    Feature record: CXX_FEATURE:1cxx_static_assert
    Feature record: CXX_FEATURE:1cxx_strong_enums
    Feature record: CXX_FEATURE:1cxx_template_template_parameters
    Feature record: CXX_FEATURE:1cxx_thread_local
    Feature record: CXX_FEATURE:1cxx_trailing_return_types
    Feature record: CXX_FEATURE:1cxx_unicode_literals
    Feature record: CXX_FEATURE:1cxx_uniform_initialization
    Feature record: CXX_FEATURE:1cxx_unrestricted_unions
    Feature record: CXX_FEATURE:1cxx_user_literals
    Feature record: CXX_FEATURE:1cxx_variable_templates
    Feature record: CXX_FEATURE:1cxx_variadic_macros
    Feature record: CXX_FEATURE:1cxx_variadic_templates


Detecting CXX [-std=c++14] compiler features compiled with the following output:
Change Dir: /home/u132300/dpcpp-tutorial/matrix-multi/build/CMakeFiles/CMakeTmp

Run Build Command:"/usr/bin/make" "cmTC_d1026/fast"
/usr/bin/make -f CMakeFiles/cmTC_d1026.dir/build.make CMakeFiles/cmTC_d1026.dir/build
make[1]: Entering directory '/home/u132300/dpcpp-tutorial/matrix-multi/build/CMakeFiles/CMakeTmp'
Building CXX object CMakeFiles/cmTC_d1026.dir/feature_tests.cxx.o
/glob/development-tools/versions/oneapi/2022.1.2/oneapi/compiler/2022.0.2/linux/bin/dpcpp    -std=c++14 -o CMakeFiles/cmTC_d1026.dir/feature_tests.cxx.o -c /home/u132300/dpcpp-tutorial/matrix-multi/build/CMakeFiles/feature_tests.cxx
Linking CXX executable cmTC_d1026
/usr/bin/cmake -E cmake_link_script CMakeFiles/cmTC_d1026.dir/link.txt --verbose=1
/glob/development-tools/versions/oneapi/2022.1.2/oneapi/compiler/2022.0.2/linux/bin/dpcpp       -rdynamic CMakeFiles/cmTC_d1026.dir/feature_tests.cxx.o  -o cmTC_d1026 
make[1]: Leaving directory '/home/u132300/dpcpp-tutorial/matrix-multi/build/CMakeFiles/CMakeTmp'


    Feature record: CXX_FEATURE:1cxx_aggregate_default_initializers
    Feature record: CXX_FEATURE:1cxx_alias_templates
    Feature record: CXX_FEATURE:1cxx_alignas
    Feature record: CXX_FEATURE:1cxx_alignof
    Feature record: CXX_FEATURE:1cxx_attributes
    Feature record: CXX_FEATURE:1cxx_attribute_deprecated
    Feature record: CXX_FEATURE:1cxx_auto_type
    Feature record: CXX_FEATURE:1cxx_binary_literals
    Feature record: CXX_FEATURE:1cxx_constexpr
    Feature record: CXX_FEATURE:1cxx_contextual_conversions
    Feature record: CXX_FEATURE:1cxx_decltype
    Feature record: CXX_FEATURE:1cxx_decltype_auto
    Feature record: CXX_FEATURE:1cxx_decltype_incomplete_return_types
    Feature record: CXX_FEATURE:1cxx_default_function_template_args
    Feature record: CXX_FEATURE:1cxx_defaulted_functions
    Feature record: CXX_FEATURE:1cxx_defaulted_move_initializers
    Feature record: CXX_FEATURE:1cxx_delegating_constructors
    Feature record: CXX_FEATURE:1cxx_deleted_functions
    Feature record: CXX_FEATURE:1cxx_digit_separators
    Feature record: CXX_FEATURE:1cxx_enum_forward_declarations
    Feature record: CXX_FEATURE:1cxx_explicit_conversions
    Feature record: CXX_FEATURE:1cxx_extended_friend_declarations
    Feature record: CXX_FEATURE:1cxx_extern_templates
    Feature record: CXX_FEATURE:1cxx_final
    Feature record: CXX_FEATURE:1cxx_func_identifier
    Feature record: CXX_FEATURE:1cxx_generalized_initializers
    Feature record: CXX_FEATURE:1cxx_generic_lambdas
    Feature record: CXX_FEATURE:1cxx_inheriting_constructors
    Feature record: CXX_FEATURE:1cxx_inline_namespaces
    Feature record: CXX_FEATURE:1cxx_lambdas
    Feature record: CXX_FEATURE:1cxx_lambda_init_captures
    Feature record: CXX_FEATURE:1cxx_local_type_template_args
    Feature record: CXX_FEATURE:1cxx_long_long_type
    Feature record: CXX_FEATURE:1cxx_noexcept
    Feature record: CXX_FEATURE:1cxx_nonstatic_member_init
    Feature record: CXX_FEATURE:1cxx_nullptr
    Feature record: CXX_FEATURE:1cxx_override
    Feature record: CXX_FEATURE:1cxx_range_for
    Feature record: CXX_FEATURE:1cxx_raw_string_literals
    Feature record: CXX_FEATURE:1cxx_reference_qualified_functions
    Feature record: CXX_FEATURE:1cxx_relaxed_constexpr
    Feature record: CXX_FEATURE:1cxx_return_type_deduction
    Feature record: CXX_FEATURE:1cxx_right_angle_brackets
    Feature record: CXX_FEATURE:1cxx_rvalue_references
    Feature record: CXX_FEATURE:1cxx_sizeof_member
    Feature record: CXX_FEATURE:1cxx_static_assert
    Feature record: CXX_FEATURE:1cxx_strong_enums
    Feature record: CXX_FEATURE:1cxx_template_template_parameters
    Feature record: CXX_FEATURE:1cxx_thread_local
    Feature record: CXX_FEATURE:1cxx_trailing_return_types
    Feature record: CXX_FEATURE:1cxx_unicode_literals
    Feature record: CXX_FEATURE:1cxx_uniform_initialization
    Feature record: CXX_FEATURE:1cxx_unrestricted_unions
    Feature record: CXX_FEATURE:1cxx_user_literals
    Feature record: CXX_FEATURE:1cxx_variable_templates
    Feature record: CXX_FEATURE:1cxx_variadic_macros
    Feature record: CXX_FEATURE:1cxx_variadic_templates


Detecting CXX [-std=c++11] compiler features compiled with the following output:
Change Dir: /home/u132300/dpcpp-tutorial/matrix-multi/build/CMakeFiles/CMakeTmp

Run Build Command:"/usr/bin/make" "cmTC_ac473/fast"
/usr/bin/make -f CMakeFiles/cmTC_ac473.dir/build.make CMakeFiles/cmTC_ac473.dir/build
make[1]: Entering directory '/home/u132300/dpcpp-tutorial/matrix-multi/build/CMakeFiles/CMakeTmp'
Building CXX object CMakeFiles/cmTC_ac473.dir/feature_tests.cxx.o
/glob/development-tools/versions/oneapi/2022.1.2/oneapi/compiler/2022.0.2/linux/bin/dpcpp    -std=c++11 -o CMakeFiles/cmTC_ac473.dir/feature_tests.cxx.o -c /home/u132300/dpcpp-tutorial/matrix-multi/build/CMakeFiles/feature_tests.cxx
Linking CXX executable cmTC_ac473
/usr/bin/cmake -E cmake_link_script CMakeFiles/cmTC_ac473.dir/link.txt --verbose=1
/glob/development-tools/versions/oneapi/2022.1.2/oneapi/compiler/2022.0.2/linux/bin/dpcpp       -rdynamic CMakeFiles/cmTC_ac473.dir/feature_tests.cxx.o  -o cmTC_ac473 
make[1]: Leaving directory '/home/u132300/dpcpp-tutorial/matrix-multi/build/CMakeFiles/CMakeTmp'


    Feature record: CXX_FEATURE:0cxx_aggregate_default_initializers
    Feature record: CXX_FEATURE:1cxx_alias_templates
    Feature record: CXX_FEATURE:1cxx_alignas
    Feature record: CXX_FEATURE:1cxx_alignof
    Feature record: CXX_FEATURE:1cxx_attributes
    Feature record: CXX_FEATURE:0cxx_attribute_deprecated
    Feature record: CXX_FEATURE:1cxx_auto_type
    Feature record: CXX_FEATURE:0cxx_binary_literals
    Feature record: CXX_FEATURE:1cxx_constexpr
    Feature record: CXX_FEATURE:0cxx_contextual_conversions
    Feature record: CXX_FEATURE:1cxx_decltype
    Feature record: CXX_FEATURE:0cxx_decltype_auto
    Feature record: CXX_FEATURE:1cxx_decltype_incomplete_return_types
    Feature record: CXX_FEATURE:1cxx_default_function_template_args
    Feature record: CXX_FEATURE:1cxx_defaulted_functions
    Feature record: CXX_FEATURE:1cxx_defaulted_move_initializers
    Feature record: CXX_FEATURE:1cxx_delegating_constructors
    Feature record: CXX_FEATURE:1cxx_deleted_functions
    Feature record: CXX_FEATURE:0cxx_digit_separators
    Feature record: CXX_FEATURE:1cxx_enum_forward_declarations
    Feature record: CXX_FEATURE:1cxx_explicit_conversions
    Feature record: CXX_FEATURE:1cxx_extended_friend_declarations
    Feature record: CXX_FEATURE:1cxx_extern_templates
    Feature record: CXX_FEATURE:1cxx_final
    Feature record: CXX_FEATURE:1cxx_func_identifier
    Feature record: CXX_FEATURE:1cxx_generalized_initializers
    Feature record: CXX_FEATURE:0cxx_generic_lambdas
    Feature record: CXX_FEATURE:1cxx_inheriting_constructors
    Feature record: CXX_FEATURE:1cxx_inline_namespaces
    Feature record: CXX_FEATURE:1cxx_lambdas
    Feature record: CXX_FEATURE:0cxx_lambda_init_captures
    Feature record: CXX_FEATURE:1cxx_local_type_template_args
    Feature record: CXX_FEATURE:1cxx_long_long_type
    Feature record: CXX_FEATURE:1cxx_noexcept
    Feature record: CXX_FEATURE:1cxx_nonstatic_member_init
    Feature record: CXX_FEATURE:1cxx_nullptr
    Feature record: CXX_FEATURE:1cxx_override
    Feature record: CXX_FEATURE:1cxx_range_for
    Feature record: CXX_FEATURE:1cxx_raw_string_literals
    Feature record: CXX_FEATURE:1cxx_reference_qualified_functions
    Feature record: CXX_FEATURE:0cxx_relaxed_constexpr
    Feature record: CXX_FEATURE:0cxx_return_type_deduction
    Feature record: CXX_FEATURE:1cxx_right_angle_brackets
    Feature record: CXX_FEATURE:1cxx_rvalue_references
    Feature record: CXX_FEATURE:1cxx_sizeof_member
    Feature record: CXX_FEATURE:1cxx_static_assert
    Feature record: CXX_FEATURE:1cxx_strong_enums
    Feature record: CXX_FEATURE:1cxx_template_template_parameters
    Feature record: CXX_FEATURE:1cxx_thread_local
    Feature record: CXX_FEATURE:1cxx_trailing_return_types
    Feature record: CXX_FEATURE:1cxx_unicode_literals
    Feature record: CXX_FEATURE:1cxx_uniform_initialization
    Feature record: CXX_FEATURE:1cxx_unrestricted_unions
    Feature record: CXX_FEATURE:1cxx_user_literals
    Feature record: CXX_FEATURE:0cxx_variable_templates
    Feature record: CXX_FEATURE:1cxx_variadic_macros
    Feature record: CXX_FEATURE:1cxx_variadic_templates


Detecting CXX [-std=c++98] compiler features compiled with the following output:
Change Dir: /home/u132300/dpcpp-tutorial/matrix-multi/build/CMakeFiles/CMakeTmp

Run Build Command:"/usr/bin/make" "cmTC_a9b79/fast"
/usr/bin/make -f CMakeFiles/cmTC_a9b79.dir/build.make CMakeFiles/cmTC_a9b79.dir/build
make[1]: Entering directory '/home/u132300/dpcpp-tutorial/matrix-multi/build/CMakeFiles/CMakeTmp'
Building CXX object CMakeFiles/cmTC_a9b79.dir/feature_tests.cxx.o
/glob/development-tools/versions/oneapi/2022.1.2/oneapi/compiler/2022.0.2/linux/bin/dpcpp    -std=c++98 -o CMakeFiles/cmTC_a9b79.dir/feature_tests.cxx.o -c /home/u132300/dpcpp-tutorial/matrix-multi/build/CMakeFiles/feature_tests.cxx
Linking CXX executable cmTC_a9b79
/usr/bin/cmake -E cmake_link_script CMakeFiles/cmTC_a9b79.dir/link.txt --verbose=1
/glob/development-tools/versions/oneapi/2022.1.2/oneapi/compiler/2022.0.2/linux/bin/dpcpp       -rdynamic CMakeFiles/cmTC_a9b79.dir/feature_tests.cxx.o  -o cmTC_a9b79 
make[1]: Leaving directory '/home/u132300/dpcpp-tutorial/matrix-multi/build/CMakeFiles/CMakeTmp'


    Feature record: CXX_FEATURE:0cxx_aggregate_default_initializers
    Feature record: CXX_FEATURE:0cxx_alias_templates
    Feature record: CXX_FEATURE:0cxx_alignas
    Feature record: CXX_FEATURE:0cxx_alignof
    Feature record: CXX_FEATURE:0cxx_attributes
    Feature record: CXX_FEATURE:0cxx_attribute_deprecated
    Feature record: CXX_FEATURE:0cxx_auto_type
    Feature record: CXX_FEATURE:0cxx_binary_literals
    Feature record: CXX_FEATURE:0cxx_constexpr
    Feature record: CXX_FEATURE:0cxx_contextual_conversions
    Feature record: CXX_FEATURE:0cxx_decltype
    Feature record: CXX_FEATURE:0cxx_decltype_auto
    Feature record: CXX_FEATURE:0cxx_decltype_incomplete_return_types
    Feature record: CXX_FEATURE:0cxx_default_function_template_args
    Feature record: CXX_FEATURE:0cxx_defaulted_functions
    Feature record: CXX_FEATURE:0cxx_defaulted_move_initializers
    Feature record: CXX_FEATURE:0cxx_delegating_constructors
    Feature record: CXX_FEATURE:0cxx_deleted_functions
    Feature record: CXX_FEATURE:0cxx_digit_separators
    Feature record: CXX_FEATURE:0cxx_enum_forward_declarations
    Feature record: CXX_FEATURE:0cxx_explicit_conversions
    Feature record: CXX_FEATURE:0cxx_extended_friend_declarations
    Feature record: CXX_FEATURE:0cxx_extern_templates
    Feature record: CXX_FEATURE:0cxx_final
    Feature record: CXX_FEATURE:0cxx_func_identifier
    Feature record: CXX_FEATURE:0cxx_generalized_initializers
    Feature record: CXX_FEATURE:0cxx_generic_lambdas
    Feature record: CXX_FEATURE:0cxx_inheriting_constructors
    Feature record: CXX_FEATURE:0cxx_inline_namespaces
    Feature record: CXX_FEATURE:0cxx_lambdas
    Feature record: CXX_FEATURE:0cxx_lambda_init_captures
    Feature record: CXX_FEATURE:0cxx_local_type_template_args
    Feature record: CXX_FEATURE:0cxx_long_long_type
    Feature record: CXX_FEATURE:0cxx_noexcept
    Feature record: CXX_FEATURE:0cxx_nonstatic_member_init
    Feature record: CXX_FEATURE:0cxx_nullptr
    Feature record: CXX_FEATURE:0cxx_override
    Feature record: CXX_FEATURE:0cxx_range_for
    Feature record: CXX_FEATURE:0cxx_raw_string_literals
    Feature record: CXX_FEATURE:0cxx_reference_qualified_functions
    Feature record: CXX_FEATURE:0cxx_relaxed_constexpr
    Feature record: CXX_FEATURE:0cxx_return_type_deduction
    Feature record: CXX_FEATURE:0cxx_right_angle_brackets
    Feature record: CXX_FEATURE:0cxx_rvalue_references
    Feature record: CXX_FEATURE:0cxx_sizeof_member
    Feature record: CXX_FEATURE:0cxx_static_assert
    Feature record: CXX_FEATURE:0cxx_strong_enums
    Feature record: CXX_FEATURE:1cxx_template_template_parameters
    Feature record: CXX_FEATURE:0cxx_thread_local
    Feature record: CXX_FEATURE:0cxx_trailing_return_types
    Feature record: CXX_FEATURE:0cxx_unicode_literals
    Feature record: CXX_FEATURE:0cxx_uniform_initialization
    Feature record: CXX_FEATURE:0cxx_unrestricted_unions
    Feature record: CXX_FEATURE:0cxx_user_literals
    Feature record: CXX_FEATURE:0cxx_variable_templates
    Feature record: CXX_FEATURE:0cxx_variadic_macros
    Feature record: CXX_FEATURE:0cxx_variadic_templates
